#
# There is insufficient memory for the Java Runtime Environment to continue.
# Native memory allocation (mmap) failed to map 268435456 bytes for G1 virtual space
# Possible reasons:
#   The system is out of physical RAM or swap space
#   The process is running with CompressedOops enabled, and the Java Heap may be blocking the growth of the native heap
# Possible solutions:
#   Reduce memory load on the system
#   Increase physical memory or swap space
#   Check if swap backing store is full
#   Decrease Java heap size (-Xmx/-Xms)
#   Decrease number of Java threads
#   Decrease Java thread stack sizes (-Xss)
#   Set larger code cache with -XX:ReservedCodeCacheSize=
#   JVM is running with Zero Based Compressed Oops mode in which the Java heap is
#     placed in the first 32GB address space. The Java Heap base address is the
#     maximum limit for the native heap growth. Please use -XX:HeapBaseMinAddress
#     to set the Java Heap base and to place the Java Heap above 32GB virtual address.
# This output file may be truncated or incomplete.
#
#  Out of Memory Error (os_windows.cpp:3550), pid=19996, tid=19752
#
# JRE version:  (17.0.8+9) (build )
# Java VM: Java HotSpot(TM) 64-Bit Server VM (17.0.8+9-LTS-211, mixed mode, sharing, tiered, compressed oops, compressed class ptrs, g1 gc, windows-amd64)
# No core dump will be written. Minidumps are not enabled by default on client versions of Windows
#

---------------  S U M M A R Y ------------

Command Line: net.bytebuddy.agent.Attacher com.sun.tools.attach.VirtualMachine 3492 C:\Users\jeffe\.m2\repository\net\bytebuddy\byte-buddy-agent\1.11.22\byte-buddy-agent-1.11.22.jar false 

Host: Intel(R) Core(TM) i3-8100 CPU @ 3.60GHz, 4 cores, 15G,  Windows 10 , 64 bit Build 19041 (10.0.19041.3636)
Time: Mon Mar  4 16:20:57 2024 Hora oficial do Brasil elapsed time: 0.015093 seconds (0d 0h 0m 0s)

---------------  T H R E A D  ---------------

Current thread (0x000001eacb308a70):  JavaThread "Unknown thread" [_thread_in_vm, id=19752, stack(0x00000063a3900000,0x00000063a3a00000)]

Stack: [0x00000063a3900000,0x00000063a3a00000]
Native frames: (J=compiled Java code, j=interpreted, Vv=VM code, C=native code)
V  [jvm.dll+0x677d0a]
V  [jvm.dll+0x7d8c54]
V  [jvm.dll+0x7da3fe]
V  [jvm.dll+0x7daa63]
V  [jvm.dll+0x245c5f]
V  [jvm.dll+0x674bb9]
V  [jvm.dll+0x6694f2]
V  [jvm.dll+0x3031d6]
V  [jvm.dll+0x30a756]
V  [jvm.dll+0x359f9e]
V  [jvm.dll+0x35a1cf]
V  [jvm.dll+0x2da3e8]
V  [jvm.dll+0x2db354]
V  [jvm.dll+0x7aa711]
V  [jvm.dll+0x367b51]
V  [jvm.dll+0x789979]
V  [jvm.dll+0x3eb05f]
V  [jvm.dll+0x3ecae1]
C  [jli.dll+0x5297]
C  [ucrtbase.dll+0x21bb2]
C  [KERNEL32.DLL+0x17344]
C  [ntdll.dll+0x526b1]


---------------  P R O C E S S  ---------------

Threads class SMR info:
_java_thread_list=0x00007ffd91d059d8, length=0, elements={
}

Java Threads: ( => current thread )

Other Threads:
  0x000001eacb375750 GCTaskThread "GC Thread#0" [stack: 0x00000063a3a00000,0x00000063a3b00000] [id=17088]
  0x000001eacb386550 ConcurrentGCThread "G1 Main Marker" [stack: 0x00000063a3b00000,0x00000063a3c00000] [id=7092]
  0x000001eacb387f70 ConcurrentGCThread "G1 Conc#0" [stack: 0x00000063a3c00000,0x00000063a3d00000] [id=276]

[error occurred during error reporting (printing all threads), id 0xc0000005, EXCEPTION_ACCESS_VIOLATION (0xc0000005) at pc=0x00007ffd9153b047]

VM state: not at safepoint (not fully initialized)

VM Mutex/Monitor currently owned by a thread:  ([mutex/lock_event])
[0x000001eacb304100] Heap_lock - owner thread: 0x000001eacb308a70

Heap address: 0x0000000701400000, size: 4076 MB, Compressed Oops mode: Zero based, Oop shift amount: 3

CDS archive(s) mapped at: [0x0000000000000000-0x0000000000000000-0x0000000000000000), size 0, SharedBaseAddress: 0x0000000800000000, ArchiveRelocationMode: 1.
Narrow klass base: 0x0000000000000000, Narrow klass shift: 0, Narrow klass range: 0x0

GC Precious Log:
<Empty>

Heap:
 garbage-first heap   total 0K, used 0K [0x0000000701400000, 0x0000000800000000)
  region size 2048K, 0 young (0K), 0 survivors (0K)

[error occurred during error reporting (printing heap information), id 0xc0000005, EXCEPTION_ACCESS_VIOLATION (0xc0000005) at pc=0x00007ffd91921499]

GC Heap History (0 events):
No events

Deoptimization events (0 events):
No events

Classes unloaded (0 events):
No events

Classes redefined (0 events):
No events

Internal exceptions (0 events):
No events

VM Operations (0 events):
No events

Events (1 events):
Event: 0.010 Loaded shared library C:\Program Files\Java\jdk-17\bin\java.dll


Dynamic libraries:
0x00007ff7e3a80000 - 0x00007ff7e3a90000 	C:\Program Files\Java\jdk-17\bin\java.exe
0x00007ffdee690000 - 0x00007ffdee888000 	C:\WINDOWS\SYSTEM32\ntdll.dll
0x00007ffdedc00000 - 0x00007ffdedcbd000 	C:\WINDOWS\System32\KERNEL32.DLL
0x00007ffdebdc0000 - 0x00007ffdec0b6000 	C:\WINDOWS\System32\KERNELBASE.dll
0x00007ffdec0c0000 - 0x00007ffdec1c0000 	C:\WINDOWS\System32\ucrtbase.dll
0x00007ffde6010000 - 0x00007ffde602b000 	C:\Program Files\Java\jdk-17\bin\VCRUNTIME140.dll
0x00007ffde4620000 - 0x00007ffde4639000 	C:\Program Files\Java\jdk-17\bin\jli.dll
0x00007ffdec770000 - 0x00007ffdec823000 	C:\WINDOWS\System32\ADVAPI32.dll
0x00007ffded730000 - 0x00007ffded7ce000 	C:\WINDOWS\System32\msvcrt.dll
0x00007ffdec6d0000 - 0x00007ffdec76f000 	C:\WINDOWS\System32\sechost.dll
0x00007ffdedad0000 - 0x00007ffdedbf6000 	C:\WINDOWS\System32\RPCRT4.dll
0x00007ffdec330000 - 0x00007ffdec357000 	C:\WINDOWS\System32\bcrypt.dll
0x00007ffded0a0000 - 0x00007ffded23e000 	C:\WINDOWS\System32\USER32.dll
0x00007ffdec270000 - 0x00007ffdec292000 	C:\WINDOWS\System32\win32u.dll
0x00007ffded3a0000 - 0x00007ffded3cb000 	C:\WINDOWS\System32\GDI32.dll
0x00007ffdec5b0000 - 0x00007ffdec6c7000 	C:\WINDOWS\System32\gdi32full.dll
0x00007ffdec360000 - 0x00007ffdec3fd000 	C:\WINDOWS\System32\msvcp_win.dll
0x00007ffde1210000 - 0x00007ffde14aa000 	C:\WINDOWS\WinSxS\amd64_microsoft.windows.common-controls_6595b64144ccf1df_6.0.19041.3636_none_60b6a03d71f818d5\COMCTL32.dll
0x00007ffde54d0000 - 0x00007ffde54da000 	C:\WINDOWS\SYSTEM32\VERSION.dll
0x00007ffdecb20000 - 0x00007ffdecb52000 	C:\WINDOWS\System32\IMM32.DLL
0x00007ffddbbc0000 - 0x00007ffddbbcc000 	C:\Program Files\Java\jdk-17\bin\vcruntime140_1.dll
0x00007ffdc9da0000 - 0x00007ffdc9e2e000 	C:\Program Files\Java\jdk-17\bin\msvcp140.dll
0x00007ffd91250000 - 0x00007ffd91e2e000 	C:\Program Files\Java\jdk-17\bin\server\jvm.dll
0x00007ffdec9c0000 - 0x00007ffdec9c8000 	C:\WINDOWS\System32\PSAPI.DLL
0x00007ffde7800000 - 0x00007ffde7809000 	C:\WINDOWS\SYSTEM32\WSOCK32.dll
0x00007ffde1930000 - 0x00007ffde1957000 	C:\WINDOWS\SYSTEM32\WINMM.dll
0x00007ffdede90000 - 0x00007ffdedefb000 	C:\WINDOWS\System32\WS2_32.dll
0x00007ffde9be0000 - 0x00007ffde9bf2000 	C:\WINDOWS\SYSTEM32\kernel.appcore.dll
0x00007ffddb9f0000 - 0x00007ffddb9fa000 	C:\Program Files\Java\jdk-17\bin\jimage.dll
0x00007ffdd2b30000 - 0x00007ffdd2d14000 	C:\WINDOWS\SYSTEM32\DBGHELP.DLL
0x00007ffdca4b0000 - 0x00007ffdca4e4000 	C:\WINDOWS\SYSTEM32\dbgcore.DLL
0x00007ffdec2a0000 - 0x00007ffdec322000 	C:\WINDOWS\System32\bcryptPrimitives.dll
0x00007ffdcaa80000 - 0x00007ffdcaaa5000 	C:\Program Files\Java\jdk-17\bin\java.dll

dbghelp: loaded successfully - version: 4.0.5 - missing functions: none
symbol engine: initialized successfully - sym options: 0x614 - pdb path: .;C:\Program Files\Java\jdk-17\bin;C:\WINDOWS\SYSTEM32;C:\WINDOWS\WinSxS\amd64_microsoft.windows.common-controls_6595b64144ccf1df_6.0.19041.3636_none_60b6a03d71f818d5;C:\Program Files\Java\jdk-17\bin\server

VM Arguments:
java_command: net.bytebuddy.agent.Attacher com.sun.tools.attach.VirtualMachine 3492 C:\Users\jeffe\.m2\repository\net\bytebuddy\byte-buddy-agent\1.11.22\byte-buddy-agent-1.11.22.jar false 
java_class_path (initial): C:\Users\jeffe\.m2\repository\net\bytebuddy\byte-buddy-agent\1.11.22\byte-buddy-agent-1.11.22.jar
Launcher Type: SUN_STANDARD

[Global flags]
     intx CICompilerCount                          = 3                                         {product} {ergonomic}
     uint ConcGCThreads                            = 1                                         {product} {ergonomic}
     uint G1ConcRefinementThreads                  = 4                                         {product} {ergonomic}
   size_t G1HeapRegionSize                         = 2097152                                   {product} {ergonomic}
    uintx GCDrainStackTargetSize                   = 64                                        {product} {ergonomic}
   size_t InitialHeapSize                          = 268435456                                 {product} {ergonomic}
   size_t MarkStackSize                            = 4194304                                   {product} {ergonomic}
   size_t MaxHeapSize                              = 4273995776                                {product} {ergonomic}
   size_t MinHeapDeltaBytes                        = 2097152                                   {product} {ergonomic}
   size_t MinHeapSize                              = 8388608                                   {product} {ergonomic}
    uintx NonNMethodCodeHeapSize                   = 5832780                                {pd product} {ergonomic}
    uintx NonProfiledCodeHeapSize                  = 122912730                              {pd product} {ergonomic}
    uintx ProfiledCodeHeapSize                     = 122912730                              {pd product} {ergonomic}
    uintx ReservedCodeCacheSize                    = 251658240                              {pd product} {ergonomic}
     bool SegmentedCodeCache                       = true                                      {product} {ergonomic}
   size_t SoftMaxHeapSize                          = 4273995776                             {manageable} {ergonomic}
     bool UseCompressedClassPointers               = true                           {product lp64_product} {ergonomic}
     bool UseCompressedOops                        = true                           {product lp64_product} {ergonomic}
     bool UseG1GC                                  = true                                      {product} {ergonomic}
     bool UseLargePagesIndividualAllocation        = false                                  {pd product} {ergonomic}

Logging:
Log output configuration:
 #0: stdout all=warning uptime,level,tags
 #1: stderr all=off uptime,level,tags

Environment Variables:
JAVA_HOME=C:/Program Files/Java/jdk-17
PATH=C:\Users\jeffe\bin;E:\Git\mingw64\bin;E:\Git\usr\local\bin;E:\Git\usr\bin;E:\Git\usr\bin;E:\Git\mingw64\bin;E:\Git\usr\bin;C:\Users\jeffe\bin;C:\Program Files\Common Files\Oracle\Java\javapath;C:\Users\jeffe\Downloads\Nova pasta\zulu11.56.19-ca-jdk11.0.15-win_x64\bin;C:\Program Files (x86)\Common Files\Intel\Shared Libraries\redist\intel64\compiler;C:\Program Files (x86)\Razer\ChromaBroadcast\bin;C:\Program Files\Razer\ChromaBroadcast\bin;C:\Program Files (x86)\Razer Chroma SDK\bin;C:\Program Files\Razer Chroma SDK\bin;C:\Windows\system32;C:\Windows;C:\Windows\System32\Wbem;C:\Windows\System32\WindowsPowerShell\v1.0;C:\Windows\System32\OpenSSH;C:\Program Files (x86)\NVIDIA Corporation\PhysX\Common;C:\Users\jeffe\AppData\Local\Microsoft\WindowsApps;C:\WINDOWS\system32;C:\WINDOWS;C:\WINDOWS\System32\Wbem;C:\WINDOWS\System32\WindowsPowerShell\v1.0;C:\WINDOWS\System32\OpenSSH;C:\Program Files\NVIDIA Corporation\NVIDIA NvDLISR;E:\Git\cmd;C:\Program Files\nodejs;C:\Program Files\apache-maven-3.9.2;C:\Program Files\apache-maven-3.9.2\bin;C:\Program Files\Java\jdk-17\bin;C:\Program Files\Graphviz\bin;C:\Program Files\MySQL\MySQL Server 8.0\bin;C:\Program Files\Docker\Docker\resources\bin;E:\sonar\sonar-scanner-5.0.1.3006-windows\bin;E:\Python\Scripts;E:\Python;C:\Program Files\MySQL\MySQL Shell 8.0\bin;C:\Users\jeffe\AppData\Local\Microsoft\WindowsApps;C:\Users\jeffe\AppData\Local\Programs\Microsoft VS Code\bin;C:\Program Files\heroku\bin;C:\Users\jeffe\AppData\Roaming\npm;C:\Program Files\Graphviz\bin;E:\Git\usr\bin\vendor_perl;E:\Git\usr\bin\core_perl
USERNAME=jeffe
SHELL=E:\Git\usr\bin\bash.exe
DISPLAY=needs-to-be-defined
LC_CTYPE=pt_BR.UTF-8
OS=Windows_NT
PROCESSOR_IDENTIFIER=Intel64 Family 6 Model 158 Stepping 11, GenuineIntel



---------------  S Y S T E M  ---------------

OS:
 Windows 10 , 64 bit Build 19041 (10.0.19041.3636)
OS uptime: 0 days 8:28 hours
Hyper-V role detected

CPU: total 4 (initial active 4) (4 cores per cpu, 1 threads per core) family 6 model 158 stepping 11 microcode 0xb4, cx8, cmov, fxsr, mmx, 3dnowpref, sse, sse2, sse3, ssse3, sse4.1, sse4.2, popcnt, lzcnt, tsc, tscinvbit, avx, avx2, aes, erms, clmul, bmi1, bmi2, adx, fma, vzeroupper, clflush, clflushopt, hv

Memory: 4k page, system-wide physical 16297M (4543M free)
TotalPageFile size 19356M (AvailPageFile size 212M)
current process WorkingSet (physical memory assigned to process): 10M, peak: 10M
current process commit charge ("private bytes"): 51M, peak: 307M

vm_info: Java HotSpot(TM) 64-Bit Server VM (17.0.8+9-LTS-211) for windows-amd64 JRE (17.0.8+9-LTS-211), built on Jun 14 2023 10:34:31 by "mach5one" with MS VC++ 17.1 (VS2022)

END.
