#
# There is insufficient memory for the Java Runtime Environment to continue.
# Native memory allocation (mmap) failed to map 65536 bytes for Failed to commit metaspace.
# Possible reasons:
#   The system is out of physical RAM or swap space
#   The process is running with CompressedOops enabled, and the Java Heap may be blocking the growth of the native heap
# Possible solutions:
#   Reduce memory load on the system
#   Increase physical memory or swap space
#   Check if swap backing store is full
#   Decrease Java heap size (-Xmx/-Xms)
#   Decrease number of Java threads
#   Decrease Java thread stack sizes (-Xss)
#   Set larger code cache with -XX:ReservedCodeCacheSize=
#   JVM is running with Zero Based Compressed Oops mode in which the Java heap is
#     placed in the first 32GB address space. The Java Heap base address is the
#     maximum limit for the native heap growth. Please use -XX:HeapBaseMinAddress
#     to set the Java Heap base and to place the Java Heap above 32GB virtual address.
# This output file may be truncated or incomplete.
#
#  Out of Memory Error (virtualSpaceNode.cpp:110), pid=14516, tid=21108
#
# JRE version: Java(TM) SE Runtime Environment (17.0.8+9) (build 17.0.8+9-LTS-211)
# Java VM: Java HotSpot(TM) 64-Bit Server VM (17.0.8+9-LTS-211, mixed mode, sharing, tiered, compressed oops, compressed class ptrs, g1 gc, windows-amd64)
# No core dump will be written. Minidumps are not enabled by default on client versions of Windows
#

---------------  S U M M A R Y ------------

Command Line: -Dclassworlds.conf=C:/Program Files/apache-maven-3.9.2/bin/m2.conf -Dmaven.home=C:/Program Files/apache-maven-3.9.2 -Dlibrary.jansi.path=C:/Program Files/apache-maven-3.9.2/lib/jansi-native -Dmaven.multiModuleProjectDirectory=E:/Projetos- Java/microsserviços/ms-client org.codehaus.plexus.classworlds.launcher.Launcher clean verify sonar:sonar -Dsonar.projectKey=ms-cards -Dsonar.host.url=http://localhost:9000 -Dsonar.login=sqp_df9c5794b3d9f647a37db456feacb77b8ab9d963

Host: Intel(R) Core(TM) i3-8100 CPU @ 3.60GHz, 4 cores, 15G,  Windows 10 , 64 bit Build 19041 (10.0.19041.3636)
Time: Mon Mar  4 16:34:20 2024 Hora oficial do Brasil elapsed time: 33.019606 seconds (0d 0h 0m 33s)

---------------  T H R E A D  ---------------

Current thread (0x00000173f0079700):  JavaThread "main" [_thread_in_vm, id=21108, stack(0x000000068d500000,0x000000068d600000)]

Stack: [0x000000068d500000,0x000000068d600000]
Native frames: (J=compiled Java code, j=interpreted, Vv=VM code, C=native code)
V  [jvm.dll+0x677d0a]
V  [jvm.dll+0x7d8c54]
V  [jvm.dll+0x7da3fe]
V  [jvm.dll+0x7daa63]
V  [jvm.dll+0x245c5f]
V  [jvm.dll+0x7d4d5b]
V  [jvm.dll+0x61dcf6]
V  [jvm.dll+0x1c0127]
V  [jvm.dll+0x620650]
V  [jvm.dll+0x61e6b6]
V  [jvm.dll+0x369eb2]
V  [jvm.dll+0x1e1aab]
V  [jvm.dll+0x53dde5]
V  [jvm.dll+0x753768]
V  [jvm.dll+0x753854]
V  [jvm.dll+0x40ba4f]
V  [jvm.dll+0x411a69]
C  [java.dll+0x17ec]

Java frames: (J=compiled Java code, j=interpreted, Vv=VM code)
J 985  java.lang.ClassLoader.defineClass1(Ljava/lang/ClassLoader;Ljava/lang/String;[BIILjava/security/ProtectionDomain;Ljava/lang/String;)Ljava/lang/Class; java.base@17.0.8 (0 bytes) @ 0x0000017387b22463 [0x0000017387b223a0+0x00000000000000c3]
J 10413 c2 java.lang.ClassLoader.defineClass(Ljava/lang/String;[BIILjava/security/ProtectionDomain;)Ljava/lang/Class; java.base@17.0.8 (43 bytes) @ 0x00000173880a19c8 [0x00000173880a1380+0x0000000000000648]
J 11449 c2 java.security.SecureClassLoader.defineClass(Ljava/lang/String;[BIILjava/security/CodeSource;)Ljava/lang/Class; java.base@17.0.8 (16 bytes) @ 0x0000017387adee90 [0x0000017387aded40+0x0000000000000150]
J 10215 c2 java.net.URLClassLoader.findClass(Ljava/lang/String;)Ljava/lang/Class; java.base@17.0.8 (47 bytes) @ 0x0000017388067b50 [0x00000173880668c0+0x0000000000001290]
J 10153 c1 org.sonar.classloader.ParentFirstStrategy.loadClass(Lorg/sonar/classloader/StrategyContext;Ljava/lang/String;)Ljava/lang/Class; (47 bytes) @ 0x00000173811b370c [0x00000173811b32c0+0x000000000000044c]
J 10134 c1 org.sonar.classloader.ClassRealm.loadClass(Ljava/lang/String;Z)Ljava/lang/Class; (56 bytes) @ 0x00000173811ae44c [0x00000173811ad9c0+0x0000000000000a8c]
J 10133 c1 org.sonar.classloader.ClassRealm.loadClass(Ljava/lang/String;)Ljava/lang/Class; (7 bytes) @ 0x00000173811ad5cc [0x00000173811ad540+0x000000000000008c]
v  ~StubRoutines::call_stub
j  org.sonar.java.checks.CheckList.<clinit>()V+2600
v  ~StubRoutines::call_stub
j  org.sonar.plugins.java.JavaSensor.<init>(Lorg/sonar/java/SonarComponents;Lorg/sonar/api/batch/fs/FileSystem;Lorg/sonar/plugins/java/api/JavaResourceLocator;Lorg/sonar/api/config/Configuration;Lorg/sonar/api/issue/NoSonarFilter;Lorg/sonar/java/filters/PostAnalysisIssueFilter;Lorg/sonar/java/jsp/Jasper;)V+49
v  ~StubRoutines::call_stub
J 2589  jdk.internal.reflect.NativeConstructorAccessorImpl.newInstance0(Ljava/lang/reflect/Constructor;[Ljava/lang/Object;)Ljava/lang/Object; java.base@17.0.8 (0 bytes) @ 0x0000017387bc950e [0x0000017387bc94a0+0x000000000000006e]
J 2588 c1 jdk.internal.reflect.NativeConstructorAccessorImpl.newInstance([Ljava/lang/Object;)Ljava/lang/Object; java.base@17.0.8 (122 bytes) @ 0x00000173805129d4 [0x0000017380512060+0x0000000000000974]
J 11594 c2 java.lang.reflect.Constructor.newInstanceWithCaller([Ljava/lang/Object;ZLjava/lang/Class;)Ljava/lang/Object; java.base@17.0.8 (75 bytes) @ 0x0000017387f50770 [0x0000017387f502a0+0x00000000000004d0]
J 1577 c1 java.lang.reflect.Constructor.newInstance([Ljava/lang/Object;)Ljava/lang/Object; java.base@17.0.8 (34 bytes) @ 0x000001738031702c [0x0000017380316ec0+0x000000000000016c]
j  org.springframework.beans.BeanUtils.instantiateClass(Ljava/lang/reflect/Constructor;[Ljava/lang/Object;)Ljava/lang/Object;+128
j  org.springframework.beans.factory.support.SimpleInstantiationStrategy.instantiate(Lorg/springframework/beans/factory/support/RootBeanDefinition;Ljava/lang/String;Lorg/springframework/beans/factory/BeanFactory;Ljava/lang/reflect/Constructor;[Ljava/lang/Object;)Ljava/lang/Object;+28
j  org.springframework.beans.factory.support.ConstructorResolver.instantiate(Ljava/lang/String;Lorg/springframework/beans/factory/support/RootBeanDefinition;Ljava/lang/reflect/Constructor;[Ljava/lang/Object;)Ljava/lang/Object;+50
j  org.springframework.beans.factory.support.ConstructorResolver.autowireConstructor(Ljava/lang/String;Lorg/springframework/beans/factory/support/RootBeanDefinition;[Ljava/lang/reflect/Constructor;[Ljava/lang/Object;)Lorg/springframework/beans/BeanWrapper;+982
j  org.springframework.beans.factory.support.AbstractAutowireCapableBeanFactory.autowireConstructor(Ljava/lang/String;Lorg/springframework/beans/factory/support/RootBeanDefinition;[Ljava/lang/reflect/Constructor;[Ljava/lang/Object;)Lorg/springframework/beans/BeanWrapper;+13
j  org.springframework.beans.factory.support.AbstractAutowireCapableBeanFactory.createBeanInstance(Ljava/lang/String;Lorg/springframework/beans/factory/support/RootBeanDefinition;[Ljava/lang/Object;)Lorg/springframework/beans/BeanWrapper;+243
j  org.springframework.beans.factory.support.AbstractAutowireCapableBeanFactory.doCreateBean(Ljava/lang/String;Lorg/springframework/beans/factory/support/RootBeanDefinition;[Ljava/lang/Object;)Ljava/lang/Object;+34
j  org.springframework.beans.factory.support.AbstractAutowireCapableBeanFactory.createBean(Ljava/lang/String;Lorg/springframework/beans/factory/support/RootBeanDefinition;[Ljava/lang/Object;)Ljava/lang/Object;+169
j  org.springframework.beans.factory.support.AbstractBeanFactory.lambda$doGetBean$0(Ljava/lang/String;Lorg/springframework/beans/factory/support/RootBeanDefinition;[Ljava/lang/Object;)Ljava/lang/Object;+4
j  org.springframework.beans.factory.support.AbstractBeanFactory$$Lambda$581+0x000001739453eac8.getObject()Ljava/lang/Object;+16
j  org.springframework.beans.factory.support.DefaultSingletonBeanRegistry.getSingleton(Ljava/lang/String;Lorg/springframework/beans/factory/ObjectFactory;)Ljava/lang/Object;+132
J 10525 c1 org.springframework.beans.factory.support.AbstractBeanFactory.doGetBean(Ljava/lang/String;Ljava/lang/Class;[Ljava/lang/Object;Z)Ljava/lang/Object; (832 bytes) @ 0x00000173812a0cdc [0x000001738129ede0+0x0000000000001efc]
J 11071 c1 org.springframework.beans.factory.support.AbstractBeanFactory.getBean(Ljava/lang/String;)Ljava/lang/Object; (9 bytes) @ 0x00000173813aafd4 [0x00000173813aaec0+0x0000000000000114]
j  org.springframework.beans.factory.support.DefaultListableBeanFactory.getBeansOfType(Ljava/lang/Class;ZZ)Ljava/util/Map;+46
j  org.springframework.beans.factory.support.DefaultListableBeanFactory.getBeansOfType(Ljava/lang/Class;)Ljava/util/Map;+4
j  org.springframework.context.support.AbstractApplicationContext.getBeansOfType(Ljava/lang/Class;)Ljava/util/Map;+9
j  org.sonar.core.platform.SpringComponentContainer.getComponentsByType(Ljava/lang/Class;)Ljava/util/List;+9
j  org.sonar.scanner.bootstrap.AbstractExtensionDictionary.completeScannerExtensions(Lorg/sonar/core/platform/ExtensionContainer;Ljava/util/List;Ljava/lang/Class;)V+3
j  org.sonar.scanner.bootstrap.AbstractExtensionDictionary.getExtensions(Ljava/lang/Class;)Ljava/util/List;+14
j  org.sonar.scanner.bootstrap.AbstractExtensionDictionary.getFilteredExtensions(Ljava/lang/Class;Lorg/sonar/scanner/bootstrap/ExtensionMatcher;)Ljava/util/List;+10
j  org.sonar.scanner.sensor.ModuleSensorExtensionDictionary.selectSensors(Z)Ljava/util/Collection;+5
j  org.sonar.scanner.sensor.ModuleSensorsExecutor.lambda$execute$0(Ljava/util/Collection;)V+6
j  org.sonar.scanner.sensor.ModuleSensorsExecutor$$Lambda$831+0x0000017394775000.run()V+8
j  org.sonar.scanner.sensor.ModuleSensorsExecutor.withModuleStrategy(Ljava/lang/Runnable;)V+17
j  org.sonar.scanner.sensor.ModuleSensorsExecutor.execute()V+16
j  org.sonar.scanner.scan.SpringModuleScanContainer.doAfterStart()V+9
j  org.sonar.core.platform.SpringComponentContainer.startComponents()Lorg/sonar/core/platform/SpringComponentContainer;+12
j  org.sonar.core.platform.SpringComponentContainer.execute()V+3
j  org.sonar.scanner.scan.SpringProjectScanContainer.scan(Lorg/sonar/api/batch/fs/internal/DefaultInputModule;)V+9
j  org.sonar.scanner.scan.SpringProjectScanContainer.scanRecursively(Lorg/sonar/scanner/fs/InputModuleHierarchy;Lorg/sonar/api/batch/fs/internal/DefaultInputModule;)V+63
j  org.sonar.scanner.scan.SpringProjectScanContainer.doAfterStart()V+211
j  org.sonar.core.platform.SpringComponentContainer.startComponents()Lorg/sonar/core/platform/SpringComponentContainer;+12
j  org.sonar.core.platform.SpringComponentContainer.execute()V+3
j  org.sonar.scanner.bootstrap.SpringGlobalContainer.doAfterStart()V+107
j  org.sonar.core.platform.SpringComponentContainer.startComponents()Lorg/sonar/core/platform/SpringComponentContainer;+12
j  org.sonar.core.platform.SpringComponentContainer.execute()V+3
j  org.sonar.batch.bootstrapper.Batch.doExecute(Ljava/util/Map;Ljava/util/List;)Lorg/sonar/batch/bootstrapper/Batch;+9
j  org.sonar.batch.bootstrapper.Batch.execute()Lorg/sonar/batch/bootstrapper/Batch;+9
j  org.sonarsource.scanner.api.internal.batch.BatchIsolatedLauncher.execute(Ljava/util/Map;Lorg/sonarsource/scanner/api/internal/batch/LogOutput;)V+11
v  ~StubRoutines::call_stub
J 3868  jdk.internal.reflect.NativeMethodAccessorImpl.invoke0(Ljava/lang/reflect/Method;Ljava/lang/Object;[Ljava/lang/Object;)Ljava/lang/Object; java.base@17.0.8 (0 bytes) @ 0x0000017387ca9727 [0x0000017387ca96a0+0x0000000000000087]
J 3867 c1 jdk.internal.reflect.NativeMethodAccessorImpl.invoke(Ljava/lang/Object;[Ljava/lang/Object;)Ljava/lang/Object; java.base@17.0.8 (137 bytes) @ 0x00000173807860ec [0x0000017380785d80+0x000000000000036c]
J 6797 c2 java.lang.reflect.Method.invoke(Ljava/lang/Object;[Ljava/lang/Object;)Ljava/lang/Object; java.base@17.0.8 (65 bytes) @ 0x0000017387c7cc98 [0x0000017387c7c9e0+0x00000000000002b8]
j  org.sonarsource.scanner.api.internal.IsolatedLauncherProxy.invoke(Ljava/lang/Object;Ljava/lang/reflect/Method;[Ljava/lang/Object;)Ljava/lang/Object;+55
j  jdk.proxy8.$Proxy44.execute(Ljava/util/Map;Lorg/sonarsource/scanner/api/internal/batch/LogOutput;)V+20 jdk.proxy8
j  org.sonarsource.scanner.api.EmbeddedScanner.doExecute(Ljava/util/Map;)V+11
j  org.sonarsource.scanner.api.EmbeddedScanner.execute(Ljava/util/Map;)V+41
j  org.sonarsource.scanner.maven.bootstrap.ScannerBootstrapper.execute()V+54
j  org.sonarsource.scanner.maven.SonarQubeMojo.execute()V+191
j  org.apache.maven.plugin.DefaultBuildPluginManager.executeMojo(Lorg/apache/maven/execution/MavenSession;Lorg/apache/maven/plugin/MojoExecution;)V+152
j  org.apache.maven.lifecycle.internal.MojoExecutor.doExecute2(Lorg/apache/maven/execution/MavenSession;Lorg/apache/maven/plugin/MojoExecution;)V+20
j  org.apache.maven.lifecycle.internal.MojoExecutor.doExecute(Lorg/apache/maven/execution/MavenSession;Lorg/apache/maven/plugin/MojoExecution;Lorg/apache/maven/lifecycle/internal/ProjectIndex;Lorg/apache/maven/lifecycle/internal/DependencyContext;)V+40
j  org.apache.maven.lifecycle.internal.MojoExecutor.execute(Lorg/apache/maven/execution/MavenSession;Lorg/apache/maven/plugin/MojoExecution;Lorg/apache/maven/lifecycle/internal/ProjectIndex;Lorg/apache/maven/lifecycle/internal/DependencyContext;)V+183
j  org.apache.maven.lifecycle.internal.MojoExecutor.execute(Lorg/apache/maven/execution/MavenSession;Lorg/apache/maven/plugin/MojoExecution;Lorg/apache/maven/lifecycle/internal/ProjectIndex;Lorg/apache/maven/lifecycle/internal/DependencyContext;Lorg/apache/maven/lifecycle/internal/PhaseRecorder;)V+6
j  org.apache.maven.lifecycle.internal.MojoExecutor.access$000(Lorg/apache/maven/lifecycle/internal/MojoExecutor;Lorg/apache/maven/execution/MavenSession;Lorg/apache/maven/plugin/MojoExecution;Lorg/apache/maven/lifecycle/internal/ProjectIndex;Lorg/apache/maven/lifecycle/internal/DependencyContext;Lorg/apache/maven/lifecycle/internal/PhaseRecorder;)V+8
j  org.apache.maven.lifecycle.internal.MojoExecutor$1.run(Lorg/apache/maven/plugin/MojoExecution;)V+21
j  org.apache.maven.plugin.DefaultMojosExecutionStrategy.execute(Ljava/util/List;Lorg/apache/maven/execution/MavenSession;Lorg/apache/maven/plugin/MojoExecutionRunner;)V+33
j  org.apache.maven.lifecycle.internal.MojoExecutor.execute(Lorg/apache/maven/execution/MavenSession;Ljava/util/List;Lorg/apache/maven/lifecycle/internal/ProjectIndex;)V+72
j  org.apache.maven.lifecycle.internal.LifecycleModuleBuilder.buildProject(Lorg/apache/maven/execution/MavenSession;Lorg/apache/maven/execution/MavenSession;Lorg/apache/maven/lifecycle/internal/ReactorContext;Lorg/apache/maven/project/MavenProject;Lorg/apache/maven/lifecycle/internal/TaskSegment;)V+151
j  org.apache.maven.lifecycle.internal.LifecycleModuleBuilder.buildProject(Lorg/apache/maven/execution/MavenSession;Lorg/apache/maven/lifecycle/internal/ReactorContext;Lorg/apache/maven/project/MavenProject;Lorg/apache/maven/lifecycle/internal/TaskSegment;)V+7
j  org.apache.maven.lifecycle.internal.builder.singlethreaded.SingleThreadedBuilder.build(Lorg/apache/maven/execution/MavenSession;Lorg/apache/maven/lifecycle/internal/ReactorContext;Lorg/apache/maven/lifecycle/internal/ProjectBuildList;Ljava/util/List;Lorg/apache/maven/lifecycle/internal/ReactorBuildStatus;)V+77
j  org.apache.maven.lifecycle.internal.LifecycleStarter.execute(Lorg/apache/maven/execution/MavenSession;)V+341
j  org.apache.maven.DefaultMaven.doExecute(Lorg/apache/maven/execution/MavenExecutionRequest;Lorg/apache/maven/execution/MavenSession;Lorg/apache/maven/execution/MavenExecutionResult;Lorg/eclipse/aether/DefaultRepositorySystemSession;)Lorg/apache/maven/execution/MavenExecutionResult;+418
j  org.apache.maven.DefaultMaven.doExecute(Lorg/apache/maven/execution/MavenExecutionRequest;)Lorg/apache/maven/execution/MavenExecutionResult;+98
j  org.apache.maven.DefaultMaven.execute(Lorg/apache/maven/execution/MavenExecutionRequest;)Lorg/apache/maven/execution/MavenExecutionResult;+2
j  org.apache.maven.cli.MavenCli.execute(Lorg/apache/maven/cli/CliRequest;)I+27
j  org.apache.maven.cli.MavenCli.doMain(Lorg/apache/maven/cli/CliRequest;)I+66
j  org.apache.maven.cli.MavenCli.main([Ljava/lang/String;Lorg/codehaus/plexus/classworlds/ClassWorld;)I+24
v  ~StubRoutines::call_stub
j  jdk.internal.reflect.NativeMethodAccessorImpl.invoke0(Ljava/lang/reflect/Method;Ljava/lang/Object;[Ljava/lang/Object;)Ljava/lang/Object;+0 java.base@17.0.8
j  jdk.internal.reflect.NativeMethodAccessorImpl.invoke(Ljava/lang/Object;[Ljava/lang/Object;)Ljava/lang/Object;+133 java.base@17.0.8
j  jdk.internal.reflect.DelegatingMethodAccessorImpl.invoke(Ljava/lang/Object;[Ljava/lang/Object;)Ljava/lang/Object;+6 java.base@17.0.8
j  java.lang.reflect.Method.invoke(Ljava/lang/Object;[Ljava/lang/Object;)Ljava/lang/Object;+59 java.base@17.0.8
j  org.codehaus.plexus.classworlds.launcher.Launcher.launchEnhanced([Ljava/lang/String;)V+45
j  org.codehaus.plexus.classworlds.launcher.Launcher.launch([Ljava/lang/String;)V+2
j  org.codehaus.plexus.classworlds.launcher.Launcher.mainWithExitCode([Ljava/lang/String;)I+108
j  org.codehaus.plexus.classworlds.launcher.Launcher.main([Ljava/lang/String;)V+1
v  ~StubRoutines::call_stub

---------------  P R O C E S S  ---------------

Threads class SMR info:
_java_thread_list=0x00000173daa1f0a0, length=24, elements={
0x00000173f0079700, 0x00000173ff5cbbe0, 0x00000173ff5cca50, 0x00000173ff5e3b00,
0x00000173ff5e45c0, 0x00000173ff5e9860, 0x00000173ff5ea9b0, 0x00000173ff5f79b0,
0x00000173d8140090, 0x00000173d8141130, 0x00000173d8259910, 0x00000173d8260610,
0x00000173d8ea8160, 0x00000173d8ea5140, 0x00000173d8ea7c90, 0x00000173d8ea8630,
0x00000173d8ea4c70, 0x00000173d8ea72f0, 0x00000173d8ea5ae0, 0x00000173d8ea6950,
0x00000173d8ea77c0, 0x00000173d8aad5d0, 0x00000173d8aadaa0, 0x00000173dc694020
}

Java Threads: ( => current thread )
=>0x00000173f0079700 JavaThread "main" [_thread_in_vm, id=21108, stack(0x000000068d500000,0x000000068d600000)]
  0x00000173ff5cbbe0 JavaThread "Reference Handler" daemon [_thread_blocked, id=16344, stack(0x000000068dc00000,0x000000068dd00000)]
  0x00000173ff5cca50 JavaThread "Finalizer" daemon [_thread_blocked, id=12576, stack(0x000000068dd00000,0x000000068de00000)]
  0x00000173ff5e3b00 JavaThread "Signal Dispatcher" daemon [_thread_blocked, id=18280, stack(0x000000068de00000,0x000000068df00000)]
  0x00000173ff5e45c0 JavaThread "Attach Listener" daemon [_thread_blocked, id=16008, stack(0x000000068df00000,0x000000068e000000)]
  0x00000173ff5e9860 JavaThread "Service Thread" daemon [_thread_blocked, id=14732, stack(0x000000068e000000,0x000000068e100000)]
  0x00000173ff5ea9b0 JavaThread "Monitor Deflation Thread" daemon [_thread_blocked, id=15696, stack(0x000000068e100000,0x000000068e200000)]
  0x00000173ff5f79b0 JavaThread "C2 CompilerThread0" daemon [_thread_blocked, id=20972, stack(0x000000068e200000,0x000000068e300000)]
  0x00000173d8140090 JavaThread "C1 CompilerThread0" daemon [_thread_blocked, id=18612, stack(0x000000068e300000,0x000000068e400000)]
  0x00000173d8141130 JavaThread "Sweeper thread" daemon [_thread_blocked, id=19096, stack(0x000000068e400000,0x000000068e500000)]
  0x00000173d8259910 JavaThread "Notification Thread" daemon [_thread_blocked, id=5844, stack(0x000000068e500000,0x000000068e600000)]
  0x00000173d8260610 JavaThread "Common-Cleaner" daemon [_thread_blocked, id=20892, stack(0x000000068e700000,0x000000068e800000)]
  0x00000173d8ea8160 JavaThread "resolver-1" daemon [_thread_blocked, id=20700, stack(0x000000068ec00000,0x000000068ed00000)]
  0x00000173d8ea5140 JavaThread "resolver-2" daemon [_thread_blocked, id=16144, stack(0x000000068ed00000,0x000000068ee00000)]
  0x00000173d8ea7c90 JavaThread "resolver-3" daemon [_thread_blocked, id=16068, stack(0x000000068ee00000,0x000000068ef00000)]
  0x00000173d8ea8630 JavaThread "resolver-4" daemon [_thread_blocked, id=3408, stack(0x000000068ef00000,0x000000068f000000)]
  0x00000173d8ea4c70 JavaThread "resolver-5" daemon [_thread_blocked, id=20408, stack(0x000000068f000000,0x000000068f100000)]
  0x00000173d8ea72f0 JavaThread "OkHttp ConnectionPool" daemon [_thread_blocked, id=12240, stack(0x000000068f200000,0x000000068f300000)]
  0x00000173d8ea5ae0 JavaThread "Okio Watchdog" daemon [_thread_blocked, id=8644, stack(0x000000068f300000,0x000000068f400000)]
  0x00000173d8ea6950 JavaThread "OkHttp TaskRunner" daemon [_thread_blocked, id=17436, stack(0x000000068f400000,0x000000068f500000)]
  0x00000173d8ea77c0 JavaThread "Okio Watchdog" daemon [_thread_blocked, id=12596, stack(0x000000068f500000,0x000000068f600000)]
  0x00000173d8aad5d0 JavaThread "HttpClient-1-SelectorManager" daemon [_thread_in_native, id=20504, stack(0x000000068f600000,0x000000068f700000)]
  0x00000173d8aadaa0 JavaThread "JGit-WorkQueue" daemon [_thread_blocked, id=20748, stack(0x000000068f800000,0x000000068f900000)]
  0x00000173dc694020 JavaThread "C2 CompilerThread1" daemon [_thread_blocked, id=17200, stack(0x000000068eb00000,0x000000068ec00000)]

Other Threads:
  0x00000173ff5c6840 VMThread "VM Thread" [stack: 0x000000068db00000,0x000000068dc00000] [id=21372]
  0x00000173f00fd020 WatcherThread [stack: 0x000000068e600000,0x000000068e700000] [id=17736]
  0x00000173f00e4740 GCTaskThread "GC Thread#0" [stack: 0x000000068d600000,0x000000068d700000] [id=17392]
  0x00000173d8d10050 GCTaskThread "GC Thread#1" [stack: 0x000000068e800000,0x000000068e900000] [id=18836]
  0x00000173d8d10300 GCTaskThread "GC Thread#2" [stack: 0x000000068e900000,0x000000068ea00000] [id=20864]
  0x00000173d8d105b0 GCTaskThread "GC Thread#3" [stack: 0x000000068ea00000,0x000000068eb00000] [id=21036]
  0x00000173f00f5540 ConcurrentGCThread "G1 Main Marker" [stack: 0x000000068d700000,0x000000068d800000] [id=17844]
  0x00000173f00f66f0 ConcurrentGCThread "G1 Conc#0" [stack: 0x000000068d800000,0x000000068d900000] [id=19732]
  0x00000173f013b7f0 ConcurrentGCThread "G1 Refine#0" [stack: 0x000000068d900000,0x000000068da00000] [id=8936]
  0x00000173f013c210 ConcurrentGCThread "G1 Service" [stack: 0x000000068da00000,0x000000068db00000] [id=20612]

Threads with active compile tasks:

VM state: not at safepoint (normal execution)

VM Mutex/Monitor currently owned by a thread:  ([mutex/lock_event])
[0x00000173f0075140] Metaspace_lock - owner thread: 0x00000173f0079700

Heap address: 0x0000000701400000, size: 4076 MB, Compressed Oops mode: Zero based, Oop shift amount: 3

CDS archive(s) mapped at: [0x0000017393000000-0x0000017393bd0000-0x0000017393bd0000), size 12386304, SharedBaseAddress: 0x0000017393000000, ArchiveRelocationMode: 1.
Compressed class space mapped at: 0x0000017394000000-0x00000173d4000000, reserved size: 1073741824
Narrow klass base: 0x0000017393000000, Narrow klass shift: 0, Narrow klass range: 0x100000000

GC Precious Log:
 CPUs: 4 total, 4 available
 Memory: 16297M
 Large Page Support: Disabled
 NUMA Support: Disabled
 Compressed Oops: Enabled (Zero based)
 Heap Region Size: 2M
 Heap Min Capacity: 8M
 Heap Initial Capacity: 256M
 Heap Max Capacity: 4076M
 Pre-touch: Disabled
 Parallel Workers: 4
 Concurrent Workers: 1
 Concurrent Refinement Workers: 4
 Periodic GC: Disabled

Heap:
 garbage-first heap   total 264192K, used 128664K [0x0000000701400000, 0x0000000800000000)
  region size 2048K, 26 young (53248K), 1 survivors (2048K)
 Metaspace       used 75978K, committed 76672K, reserved 1179648K
  class space    used 9197K, committed 9536K, reserved 1048576K

Heap Regions: E=young(eden), S=young(survivor), O=old, HS=humongous(starts), HC=humongous(continues), CS=collection set, F=free, OA=open archive, CA=closed archive, TAMS=top-at-mark-start (previous, next)
|   0|0x0000000701400000, 0x0000000701600000, 0x0000000701600000|100%| O|  |TAMS 0x0000000701600000, 0x0000000701400000| Untracked 
|   1|0x0000000701600000, 0x0000000701800000, 0x0000000701800000|100%| O|  |TAMS 0x0000000701800000, 0x0000000701600000| Untracked 
|   2|0x0000000701800000, 0x0000000701a00000, 0x0000000701a00000|100%| O|  |TAMS 0x0000000701a00000, 0x0000000701800000| Untracked 
|   3|0x0000000701a00000, 0x0000000701c00000, 0x0000000701c00000|100%| O|  |TAMS 0x0000000701c00000, 0x0000000701a00000| Untracked 
|   4|0x0000000701c00000, 0x0000000701e00000, 0x0000000701e00000|100%| O|  |TAMS 0x0000000701e00000, 0x0000000701c00000| Untracked 
|   5|0x0000000701e00000, 0x0000000702000000, 0x0000000702000000|100%| O|  |TAMS 0x0000000702000000, 0x0000000701e00000| Untracked 
|   6|0x0000000702000000, 0x0000000702200000, 0x0000000702200000|100%| O|  |TAMS 0x0000000702200000, 0x0000000702000000| Untracked 
|   7|0x0000000702200000, 0x0000000702400000, 0x0000000702400000|100%| O|  |TAMS 0x0000000702400000, 0x0000000702200000| Untracked 
|   8|0x0000000702400000, 0x0000000702600000, 0x0000000702600000|100%| O|  |TAMS 0x0000000702600000, 0x0000000702400000| Untracked 
|   9|0x0000000702600000, 0x0000000702800000, 0x0000000702800000|100%| O|  |TAMS 0x0000000702800000, 0x0000000702600000| Untracked 
|  10|0x0000000702800000, 0x0000000702a00000, 0x0000000702a00000|100%| O|  |TAMS 0x0000000702a00000, 0x0000000702800000| Untracked 
|  11|0x0000000702a00000, 0x0000000702c00000, 0x0000000702c00000|100%| O|  |TAMS 0x0000000702c00000, 0x0000000702a00000| Untracked 
|  12|0x0000000702c00000, 0x0000000702e00000, 0x0000000702e00000|100%| O|  |TAMS 0x0000000702e00000, 0x0000000702c00000| Untracked 
|  13|0x0000000702e00000, 0x0000000703000000, 0x0000000703000000|100%| O|  |TAMS 0x0000000703000000, 0x0000000702e00000| Untracked 
|  14|0x0000000703000000, 0x0000000703200000, 0x0000000703200000|100%| O|  |TAMS 0x0000000703200000, 0x0000000703000000| Untracked 
|  15|0x0000000703200000, 0x0000000703400000, 0x0000000703400000|100%| O|  |TAMS 0x0000000703400000, 0x0000000703200000| Untracked 
|  16|0x0000000703400000, 0x0000000703600000, 0x0000000703600000|100%|HS|  |TAMS 0x0000000703600000, 0x0000000703400000| Complete 
|  17|0x0000000703600000, 0x0000000703800000, 0x0000000703800000|100%| O|  |TAMS 0x0000000703800000, 0x0000000703600000| Untracked 
|  18|0x0000000703800000, 0x0000000703a00000, 0x0000000703a00000|100%| O|  |TAMS 0x0000000703800000, 0x0000000703800000| Untracked 
|  19|0x0000000703a00000, 0x0000000703c00000, 0x0000000703c00000|100%| O|  |TAMS 0x0000000703c00000, 0x0000000703a00000| Untracked 
|  20|0x0000000703c00000, 0x0000000703e00000, 0x0000000703e00000|100%| O|  |TAMS 0x0000000703c00000, 0x0000000703c00000| Untracked 
|  21|0x0000000703e00000, 0x0000000704000000, 0x0000000704000000|100%| O|  |TAMS 0x0000000703e00000, 0x0000000703e00000| Untracked 
|  22|0x0000000704000000, 0x0000000704200000, 0x0000000704200000|100%| O|  |TAMS 0x0000000704000000, 0x0000000704000000| Untracked 
|  23|0x0000000704200000, 0x0000000704400000, 0x0000000704400000|100%| O|  |TAMS 0x0000000704200000, 0x0000000704200000| Untracked 
|  24|0x0000000704400000, 0x0000000704600000, 0x0000000704600000|100%|HS|  |TAMS 0x0000000704600000, 0x0000000704400000| Complete 
|  25|0x0000000704600000, 0x0000000704800000, 0x0000000704800000|100%|HC|  |TAMS 0x0000000704800000, 0x0000000704600000| Complete 
|  26|0x0000000704800000, 0x0000000704a00000, 0x0000000704a00000|100%| O|  |TAMS 0x0000000704800000, 0x0000000704800000| Untracked 
|  27|0x0000000704a00000, 0x0000000704c00000, 0x0000000704c00000|100%| O|  |TAMS 0x0000000704a00000, 0x0000000704a00000| Untracked 
|  28|0x0000000704c00000, 0x0000000704e00000, 0x0000000704e00000|100%| O|  |TAMS 0x0000000704c00000, 0x0000000704c00000| Untracked 
|  29|0x0000000704e00000, 0x0000000705000000, 0x0000000705000000|100%| O|  |TAMS 0x0000000705000000, 0x0000000704e00000| Untracked 
|  30|0x0000000705000000, 0x0000000705200000, 0x0000000705200000|100%| O|  |TAMS 0x0000000705200000, 0x0000000705000000| Untracked 
|  31|0x0000000705200000, 0x0000000705400000, 0x0000000705400000|100%| O|  |TAMS 0x0000000705400000, 0x0000000705200000| Untracked 
|  32|0x0000000705400000, 0x0000000705400000, 0x0000000705600000|  0%| F|  |TAMS 0x0000000705400000, 0x0000000705400000| Untracked 
|  33|0x0000000705600000, 0x0000000705800000, 0x0000000705800000|100%| O|  |TAMS 0x0000000705600000, 0x0000000705600000| Untracked 
|  34|0x0000000705800000, 0x0000000705a00000, 0x0000000705a00000|100%| O|  |TAMS 0x0000000705800000, 0x0000000705800000| Untracked 
|  35|0x0000000705a00000, 0x0000000705a00000, 0x0000000705c00000|  0%| F|  |TAMS 0x0000000705a00000, 0x0000000705a00000| Untracked 
|  36|0x0000000705c00000, 0x0000000705c00000, 0x0000000705e00000|  0%| F|  |TAMS 0x0000000705c00000, 0x0000000705c00000| Untracked 
|  37|0x0000000705e00000, 0x0000000705e00000, 0x0000000706000000|  0%| F|  |TAMS 0x0000000705e00000, 0x0000000705e00000| Untracked 
|  38|0x0000000706000000, 0x0000000706200000, 0x0000000706200000|100%| O|  |TAMS 0x0000000706200000, 0x0000000706000000| Untracked 
|  39|0x0000000706200000, 0x0000000706400000, 0x0000000706400000|100%|HS|  |TAMS 0x0000000706400000, 0x0000000706200000| Complete 
|  40|0x0000000706400000, 0x0000000706438400, 0x0000000706600000| 10%| O|  |TAMS 0x0000000706400000, 0x0000000706400000| Untracked 
|  41|0x0000000706600000, 0x0000000706600000, 0x0000000706800000|  0%| F|  |TAMS 0x0000000706600000, 0x0000000706600000| Untracked 
|  42|0x0000000706800000, 0x0000000706a00000, 0x0000000706a00000|100%| O|  |TAMS 0x0000000706a00000, 0x0000000706800000| Untracked 
|  43|0x0000000706a00000, 0x0000000706a00000, 0x0000000706c00000|  0%| F|  |TAMS 0x0000000706a00000, 0x0000000706a00000| Untracked 
|  44|0x0000000706c00000, 0x0000000706c00000, 0x0000000706e00000|  0%| F|  |TAMS 0x0000000706c00000, 0x0000000706c00000| Untracked 
|  45|0x0000000706e00000, 0x0000000706e00000, 0x0000000707000000|  0%| F|  |TAMS 0x0000000706e00000, 0x0000000706e00000| Untracked 
|  46|0x0000000707000000, 0x0000000707000000, 0x0000000707200000|  0%| F|  |TAMS 0x0000000707000000, 0x0000000707000000| Untracked 
|  47|0x0000000707200000, 0x0000000707200000, 0x0000000707400000|  0%| F|  |TAMS 0x0000000707200000, 0x0000000707200000| Untracked 
|  48|0x0000000707400000, 0x0000000707400000, 0x0000000707600000|  0%| F|  |TAMS 0x0000000707400000, 0x0000000707400000| Untracked 
|  49|0x0000000707600000, 0x0000000707600000, 0x0000000707800000|  0%| F|  |TAMS 0x0000000707600000, 0x0000000707600000| Untracked 
|  50|0x0000000707800000, 0x0000000707800000, 0x0000000707a00000|  0%| F|  |TAMS 0x0000000707800000, 0x0000000707800000| Untracked 
|  51|0x0000000707a00000, 0x0000000707a00000, 0x0000000707c00000|  0%| F|  |TAMS 0x0000000707a00000, 0x0000000707a00000| Untracked 
|  52|0x0000000707c00000, 0x0000000707c00000, 0x0000000707e00000|  0%| F|  |TAMS 0x0000000707c00000, 0x0000000707c00000| Untracked 
|  53|0x0000000707e00000, 0x0000000707e00000, 0x0000000708000000|  0%| F|  |TAMS 0x0000000707e00000, 0x0000000707e00000| Untracked 
|  54|0x0000000708000000, 0x0000000708000000, 0x0000000708200000|  0%| F|  |TAMS 0x0000000708000000, 0x0000000708000000| Untracked 
|  55|0x0000000708200000, 0x0000000708200000, 0x0000000708400000|  0%| F|  |TAMS 0x0000000708200000, 0x0000000708200000| Untracked 
|  56|0x0000000708400000, 0x0000000708400000, 0x0000000708600000|  0%| F|  |TAMS 0x0000000708400000, 0x0000000708400000| Untracked 
|  57|0x0000000708600000, 0x0000000708600000, 0x0000000708800000|  0%| F|  |TAMS 0x0000000708600000, 0x0000000708600000| Untracked 
|  58|0x0000000708800000, 0x0000000708800000, 0x0000000708a00000|  0%| F|  |TAMS 0x0000000708800000, 0x0000000708800000| Untracked 
|  59|0x0000000708a00000, 0x0000000708a00000, 0x0000000708c00000|  0%| F|  |TAMS 0x0000000708a00000, 0x0000000708a00000| Untracked 
|  60|0x0000000708c00000, 0x0000000708c00000, 0x0000000708e00000|  0%| F|  |TAMS 0x0000000708c00000, 0x0000000708c00000| Untracked 
|  61|0x0000000708e00000, 0x0000000708e00000, 0x0000000709000000|  0%| F|  |TAMS 0x0000000708e00000, 0x0000000708e00000| Untracked 
|  62|0x0000000709000000, 0x0000000709000000, 0x0000000709200000|  0%| F|  |TAMS 0x0000000709000000, 0x0000000709000000| Untracked 
|  63|0x0000000709200000, 0x0000000709200000, 0x0000000709400000|  0%| F|  |TAMS 0x0000000709200000, 0x0000000709200000| Untracked 
|  64|0x0000000709400000, 0x0000000709400000, 0x0000000709600000|  0%| F|  |TAMS 0x0000000709400000, 0x0000000709400000| Untracked 
|  65|0x0000000709600000, 0x0000000709600000, 0x0000000709800000|  0%| F|  |TAMS 0x0000000709600000, 0x0000000709600000| Untracked 
|  66|0x0000000709800000, 0x0000000709800000, 0x0000000709a00000|  0%| F|  |TAMS 0x0000000709800000, 0x0000000709800000| Untracked 
|  67|0x0000000709a00000, 0x0000000709a00000, 0x0000000709c00000|  0%| F|  |TAMS 0x0000000709a00000, 0x0000000709a00000| Untracked 
|  68|0x0000000709c00000, 0x0000000709c00000, 0x0000000709e00000|  0%| F|  |TAMS 0x0000000709c00000, 0x0000000709c00000| Untracked 
|  69|0x0000000709e00000, 0x0000000709e00000, 0x000000070a000000|  0%| F|  |TAMS 0x0000000709e00000, 0x0000000709e00000| Untracked 
|  70|0x000000070a000000, 0x000000070a000000, 0x000000070a200000|  0%| F|  |TAMS 0x000000070a000000, 0x000000070a000000| Untracked 
|  71|0x000000070a200000, 0x000000070a200000, 0x000000070a400000|  0%| F|  |TAMS 0x000000070a200000, 0x000000070a200000| Untracked 
|  72|0x000000070a400000, 0x000000070a400000, 0x000000070a600000|  0%| F|  |TAMS 0x000000070a400000, 0x000000070a400000| Untracked 
|  73|0x000000070a600000, 0x000000070a600000, 0x000000070a800000|  0%| F|  |TAMS 0x000000070a600000, 0x000000070a600000| Untracked 
|  74|0x000000070a800000, 0x000000070a800000, 0x000000070aa00000|  0%| F|  |TAMS 0x000000070a800000, 0x000000070a800000| Untracked 
|  75|0x000000070aa00000, 0x000000070aa00000, 0x000000070ac00000|  0%| F|  |TAMS 0x000000070aa00000, 0x000000070aa00000| Untracked 
|  76|0x000000070ac00000, 0x000000070ac00000, 0x000000070ae00000|  0%| F|  |TAMS 0x000000070ac00000, 0x000000070ac00000| Untracked 
|  77|0x000000070ae00000, 0x000000070ae00000, 0x000000070b000000|  0%| F|  |TAMS 0x000000070ae00000, 0x000000070ae00000| Untracked 
|  78|0x000000070b000000, 0x000000070b000000, 0x000000070b200000|  0%| F|  |TAMS 0x000000070b000000, 0x000000070b000000| Untracked 
|  79|0x000000070b200000, 0x000000070b200000, 0x000000070b400000|  0%| F|  |TAMS 0x000000070b200000, 0x000000070b200000| Untracked 
|  80|0x000000070b400000, 0x000000070b400000, 0x000000070b600000|  0%| F|  |TAMS 0x000000070b400000, 0x000000070b400000| Untracked 
|  81|0x000000070b600000, 0x000000070b600000, 0x000000070b800000|  0%| F|  |TAMS 0x000000070b600000, 0x000000070b600000| Untracked 
|  82|0x000000070b800000, 0x000000070b800000, 0x000000070ba00000|  0%| F|  |TAMS 0x000000070b800000, 0x000000070b800000| Untracked 
|  83|0x000000070ba00000, 0x000000070ba00000, 0x000000070bc00000|  0%| F|  |TAMS 0x000000070ba00000, 0x000000070ba00000| Untracked 
|  84|0x000000070bc00000, 0x000000070bc00000, 0x000000070be00000|  0%| F|  |TAMS 0x000000070bc00000, 0x000000070bc00000| Untracked 
|  85|0x000000070be00000, 0x000000070be00000, 0x000000070c000000|  0%| F|  |TAMS 0x000000070be00000, 0x000000070be00000| Untracked 
|  86|0x000000070c000000, 0x000000070c000000, 0x000000070c200000|  0%| F|  |TAMS 0x000000070c000000, 0x000000070c000000| Untracked 
|  87|0x000000070c200000, 0x000000070c200000, 0x000000070c400000|  0%| F|  |TAMS 0x000000070c200000, 0x000000070c200000| Untracked 
|  88|0x000000070c400000, 0x000000070c400000, 0x000000070c600000|  0%| F|  |TAMS 0x000000070c400000, 0x000000070c400000| Untracked 
|  89|0x000000070c600000, 0x000000070c600000, 0x000000070c800000|  0%| F|  |TAMS 0x000000070c600000, 0x000000070c600000| Untracked 
|  90|0x000000070c800000, 0x000000070c800000, 0x000000070ca00000|  0%| F|  |TAMS 0x000000070c800000, 0x000000070c800000| Untracked 
|  91|0x000000070ca00000, 0x000000070ca00000, 0x000000070cc00000|  0%| F|  |TAMS 0x000000070ca00000, 0x000000070ca00000| Untracked 
|  92|0x000000070cc00000, 0x000000070cc00000, 0x000000070ce00000|  0%| F|  |TAMS 0x000000070cc00000, 0x000000070cc00000| Untracked 
|  93|0x000000070ce00000, 0x000000070ce00000, 0x000000070d000000|  0%| F|  |TAMS 0x000000070ce00000, 0x000000070ce00000| Untracked 
|  94|0x000000070d000000, 0x000000070d000000, 0x000000070d200000|  0%| F|  |TAMS 0x000000070d000000, 0x000000070d000000| Untracked 
|  95|0x000000070d200000, 0x000000070d200000, 0x000000070d400000|  0%| F|  |TAMS 0x000000070d200000, 0x000000070d200000| Untracked 
|  96|0x000000070d400000, 0x000000070d400000, 0x000000070d600000|  0%| F|  |TAMS 0x000000070d400000, 0x000000070d400000| Untracked 
|  97|0x000000070d600000, 0x000000070d600000, 0x000000070d800000|  0%| F|  |TAMS 0x000000070d600000, 0x000000070d600000| Untracked 
|  98|0x000000070d800000, 0x000000070d800000, 0x000000070da00000|  0%| F|  |TAMS 0x000000070d800000, 0x000000070d800000| Untracked 
|  99|0x000000070da00000, 0x000000070da00000, 0x000000070dc00000|  0%| F|  |TAMS 0x000000070da00000, 0x000000070da00000| Untracked 
| 100|0x000000070dc00000, 0x000000070dc00000, 0x000000070de00000|  0%| F|  |TAMS 0x000000070dc00000, 0x000000070dc00000| Untracked 
| 101|0x000000070de00000, 0x000000070de00000, 0x000000070e000000|  0%| F|  |TAMS 0x000000070de00000, 0x000000070de00000| Untracked 
| 102|0x000000070e000000, 0x000000070e200000, 0x000000070e200000|100%| E|  |TAMS 0x000000070e000000, 0x000000070e000000| Complete 
| 103|0x000000070e200000, 0x000000070e400000, 0x000000070e400000|100%| E|CS|TAMS 0x000000070e200000, 0x000000070e200000| Complete 
| 104|0x000000070e400000, 0x000000070e600000, 0x000000070e600000|100%| E|CS|TAMS 0x000000070e400000, 0x000000070e400000| Complete 
| 105|0x000000070e600000, 0x000000070e800000, 0x000000070e800000|100%| E|CS|TAMS 0x000000070e600000, 0x000000070e600000| Complete 
| 106|0x000000070e800000, 0x000000070ea00000, 0x000000070ea00000|100%| E|CS|TAMS 0x000000070e800000, 0x000000070e800000| Complete 
| 107|0x000000070ea00000, 0x000000070ec00000, 0x000000070ec00000|100%| E|CS|TAMS 0x000000070ea00000, 0x000000070ea00000| Complete 
| 108|0x000000070ec00000, 0x000000070ee00000, 0x000000070ee00000|100%| E|CS|TAMS 0x000000070ec00000, 0x000000070ec00000| Complete 
| 109|0x000000070ee00000, 0x000000070f000000, 0x000000070f000000|100%| E|CS|TAMS 0x000000070ee00000, 0x000000070ee00000| Complete 
| 110|0x000000070f000000, 0x000000070f200000, 0x000000070f200000|100%| E|CS|TAMS 0x000000070f000000, 0x000000070f000000| Complete 
| 111|0x000000070f200000, 0x000000070f400000, 0x000000070f400000|100%| E|CS|TAMS 0x000000070f200000, 0x000000070f200000| Complete 
| 112|0x000000070f400000, 0x000000070f600000, 0x000000070f600000|100%| E|CS|TAMS 0x000000070f400000, 0x000000070f400000| Complete 
| 113|0x000000070f600000, 0x000000070f800000, 0x000000070f800000|100%| E|CS|TAMS 0x000000070f600000, 0x000000070f600000| Complete 
| 114|0x000000070f800000, 0x000000070fa00000, 0x000000070fa00000|100%| E|CS|TAMS 0x000000070f800000, 0x000000070f800000| Complete 
| 115|0x000000070fa00000, 0x000000070fc00000, 0x000000070fc00000|100%| E|CS|TAMS 0x000000070fa00000, 0x000000070fa00000| Complete 
| 116|0x000000070fc00000, 0x000000070fe00000, 0x000000070fe00000|100%| E|CS|TAMS 0x000000070fc00000, 0x000000070fc00000| Complete 
| 117|0x000000070fe00000, 0x0000000710000000, 0x0000000710000000|100%| E|CS|TAMS 0x000000070fe00000, 0x000000070fe00000| Complete 
| 118|0x0000000710000000, 0x0000000710200000, 0x0000000710200000|100%| E|CS|TAMS 0x0000000710000000, 0x0000000710000000| Complete 
| 119|0x0000000710200000, 0x0000000710400000, 0x0000000710400000|100%| E|CS|TAMS 0x0000000710200000, 0x0000000710200000| Complete 
| 120|0x0000000710400000, 0x0000000710600000, 0x0000000710600000|100%| E|CS|TAMS 0x0000000710400000, 0x0000000710400000| Complete 
| 121|0x0000000710600000, 0x0000000710800000, 0x0000000710800000|100%| E|CS|TAMS 0x0000000710600000, 0x0000000710600000| Complete 
| 122|0x0000000710800000, 0x0000000710a00000, 0x0000000710a00000|100%| E|CS|TAMS 0x0000000710800000, 0x0000000710800000| Complete 
| 123|0x0000000710a00000, 0x0000000710c00000, 0x0000000710c00000|100%| E|CS|TAMS 0x0000000710a00000, 0x0000000710a00000| Complete 
| 124|0x0000000710c00000, 0x0000000710d6df78, 0x0000000710e00000| 71%| S|CS|TAMS 0x0000000710c00000, 0x0000000710c00000| Complete 
| 127|0x0000000711200000, 0x0000000711400000, 0x0000000711400000|100%| E|CS|TAMS 0x0000000711200000, 0x0000000711200000| Complete 
|2035|0x00000007ffa00000, 0x00000007ffc00000, 0x00000007ffc00000|100%| O|  |TAMS 0x00000007ffc00000, 0x00000007ffa00000| Untracked 
|2036|0x00000007ffc00000, 0x00000007ffe00000, 0x00000007ffe00000|100%| E|CS|TAMS 0x00000007ffc00000, 0x00000007ffc00000| Complete 
|2037|0x00000007ffe00000, 0x0000000800000000, 0x0000000800000000|100%| E|CS|TAMS 0x00000007ffe00000, 0x00000007ffe00000| Complete 

Card table byte_map: [0x00000173f8120000,0x00000173f8920000] _byte_map_base: 0x00000173f4916000

Marking Bits (Prev, Next): (CMBitMap*) 0x00000173f00e4d90, (CMBitMap*) 0x00000173f00e4d50
 Prev Bits: [0x000001738f000000, 0x0000017392fb0000)
 Next Bits: [0x00000173f9120000, 0x00000173fd0d0000)

Polling page: 0x00000173edf80000

Metaspace:

Usage:
  Non-class:     65.22 MB used.
      Class:      8.98 MB used.
       Both:     74.20 MB used.

Virtual space:
  Non-class space:      128.00 MB reserved,      65.56 MB ( 51%) committed,  2 nodes.
      Class space:        1.00 GB reserved,       9.31 MB ( <1%) committed,  1 nodes.
             Both:        1.12 GB reserved,      74.88 MB (  6%) committed. 

Chunk freelists:
   Non-Class:  13.81 MB
       Class:  6.48 MB
        Both:  20.30 MB

MaxMetaspaceSize: unlimited
CompressedClassSpaceSize: 1.00 GB
Initial GC threshold: 21.00 MB
Current GC threshold: 89.00 MB
CDS: on
MetaspaceReclaimPolicy: balanced
 - commit_granule_bytes: 65536.
 - commit_granule_words: 8192.
 - virtual_space_node_default_size: 8388608.
 - enlarge_chunks_in_place: 1.
 - new_chunks_are_fully_committed: 0.
 - uncommit_free_chunks: 1.
 - use_allocation_guard: 0.
 - handle_deallocations: 1.


Internal statistics:

num_allocs_failed_limit: 18.
num_arena_births: 588.
num_arena_deaths: 14.
num_vsnodes_births: 3.
num_vsnodes_deaths: 0.
num_space_committed: 1232.
num_space_uncommitted: 34.
num_chunks_returned_to_freelist: 182.
num_chunks_taken_from_freelist: 3446.
num_chunk_merges: 62.
num_chunk_splits: 2554.
num_chunks_enlarged: 2064.
num_purges: 4.
num_inconsistent_stats: 0.

CodeHeap 'non-profiled nmethods': size=120000Kb used=6171Kb max_used=6429Kb free=113828Kb
 bounds [0x0000017387ad0000, 0x0000017388120000, 0x000001738f000000]
CodeHeap 'profiled nmethods': size=120000Kb used=20236Kb max_used=20442Kb free=99763Kb
 bounds [0x0000017380000000, 0x0000017381410000, 0x0000017387530000]
CodeHeap 'non-nmethods': size=5760Kb used=1334Kb max_used=1406Kb free=4425Kb
 bounds [0x0000017387530000, 0x00000173877a0000, 0x0000017387ad0000]
 total_blobs=10139 nmethods=9471 adapters=579
 compilation: enabled
              stopped_count=0, restarted_count=0
 full_count=0

Compilation events (20 events):
Event: 32.821 Thread 0x00000173d8140090 11631       3       org.springframework.beans.factory.support.AbstractAutowireCapableBeanFactory::determineConstructorsFromBeanPostProcessors (68 bytes)
Event: 32.822 Thread 0x00000173d8140090 nmethod 11631 0x00000173808e8a90 code [0x00000173808e8cc0, 0x00000173808e9728]
Event: 32.822 Thread 0x00000173d8140090 11632   !   3       org.springframework.beans.factory.support.AbstractBeanFactory::registerCustomEditors (228 bytes)
Event: 32.822 Thread 0x00000173ff5f79b0 11633       4       org.springframework.beans.factory.support.AbstractBeanFactory::hasInstantiationAwareBeanPostProcessors (21 bytes)
Event: 32.823 Thread 0x00000173ff5f79b0 nmethod 11633 0x0000017387ea1990 code [0x0000017387ea1b20, 0x0000017387ea1c08]
Event: 32.824 Thread 0x00000173d8140090 nmethod 11632 0x000001738083b310 code [0x000001738083b780, 0x000001738083e0e8]
Event: 32.824 Thread 0x00000173d8140090 11634   !   3       org.springframework.beans.factory.support.AbstractBeanFactory::doResolveBeanClass (284 bytes)
Event: 32.825 Thread 0x00000173ff5f79b0 11637       4       java.lang.Class::copyFields (36 bytes)
Event: 32.826 Thread 0x00000173d8140090 nmethod 11634 0x0000017380833610 code [0x0000017380833b60, 0x0000017380836d68]
Event: 32.826 Thread 0x00000173d8140090 11635   !   3       org.springframework.beans.factory.support.ConstructorResolver::createArgumentArray (636 bytes)
Event: 32.830 Thread 0x00000173d8140090 nmethod 11635 0x00000173813ffc90 code [0x00000173814005a0, 0x00000173814060b8]
Event: 32.831 Thread 0x00000173d8140090 11636       3       org.springframework.util.ReflectionUtils::makeAccessible (36 bytes)
Event: 32.831 Thread 0x00000173d8140090 nmethod 11636 0x0000017380dc4490 code [0x0000017380dc46e0, 0x0000017380dc5158]
Event: 32.832 Thread 0x00000173ff5f79b0 nmethod 11637 0x0000017387ea0f90 code [0x0000017387ea1120, 0x0000017387ea1698]
Event: 32.832 Thread 0x00000173d8140090 11638       3       org.springframework.beans.factory.support.DefaultSingletonBeanRegistry$$Lambda$611/0x0000017394561df0::apply (8 bytes)
Event: 32.832 Thread 0x00000173d8140090 nmethod 11638 0x0000017380633d10 code [0x0000017380633f00, 0x0000017380634268]
Event: 32.832 Thread 0x00000173d8140090 11639       3       org.springframework.beans.factory.support.DefaultSingletonBeanRegistry::lambda$registerDependentBean$1 (10 bytes)
Event: 32.832 Thread 0x00000173d8140090 nmethod 11639 0x0000017380749c90 code [0x0000017380749e60, 0x000001738074a068]
Event: 32.834 Thread 0x00000173d8140090 11641       3       org.springframework.beans.factory.support.DefaultListableBeanFactory::isPrimary (56 bytes)
Event: 32.835 Thread 0x00000173d8140090 nmethod 11641 0x0000017381210e90 code [0x00000173812110e0, 0x0000017381211fb8]

GC Heap History (20 events):
Event: 9.000 GC heap before
{Heap before GC invocations=15 (full 0):
 garbage-first heap   total 159744K, used 124512K [0x0000000701400000, 0x0000000800000000)
  region size 2048K, 18 young (36864K), 1 survivors (2048K)
 Metaspace       used 30842K, committed 31424K, reserved 1114112K
  class space    used 3462K, committed 3712K, reserved 1048576K
}
Event: 9.007 GC heap after
{Heap after GC invocations=16 (full 0):
 garbage-first heap   total 159744K, used 93320K [0x0000000701400000, 0x0000000800000000)
  region size 2048K, 3 young (6144K), 3 survivors (6144K)
 Metaspace       used 30842K, committed 31424K, reserved 1114112K
  class space    used 3462K, committed 3712K, reserved 1048576K
}
Event: 9.040 GC heap before
{Heap before GC invocations=16 (full 0):
 garbage-first heap   total 159744K, used 95368K [0x0000000701400000, 0x0000000800000000)
  region size 2048K, 4 young (8192K), 3 survivors (6144K)
 Metaspace       used 31043K, committed 31488K, reserved 1114112K
  class space    used 3486K, committed 3712K, reserved 1048576K
}
Event: 9.047 GC heap after
{Heap after GC invocations=17 (full 0):
 garbage-first heap   total 159744K, used 84453K [0x0000000701400000, 0x0000000800000000)
  region size 2048K, 1 young (2048K), 1 survivors (2048K)
 Metaspace       used 31043K, committed 31488K, reserved 1114112K
  class space    used 3486K, committed 3712K, reserved 1048576K
}
Event: 23.631 GC heap before
{Heap before GC invocations=17 (full 0):
 garbage-first heap   total 159744K, used 121317K [0x0000000701400000, 0x0000000800000000)
  region size 2048K, 19 young (38912K), 1 survivors (2048K)
 Metaspace       used 33327K, committed 33728K, reserved 1114112K
  class space    used 3706K, committed 3904K, reserved 1048576K
}
Event: 23.633 GC heap after
{Heap after GC invocations=18 (full 0):
 garbage-first heap   total 159744K, used 84634K [0x0000000701400000, 0x0000000800000000)
  region size 2048K, 1 young (2048K), 1 survivors (2048K)
 Metaspace       used 33327K, committed 33728K, reserved 1114112K
  class space    used 3706K, committed 3904K, reserved 1048576K
}
Event: 24.111 GC heap before
{Heap before GC invocations=19 (full 0):
 garbage-first heap   total 159744K, used 146074K [0x0000000701400000, 0x0000000800000000)
  region size 2048K, 19 young (38912K), 1 survivors (2048K)
 Metaspace       used 33618K, committed 33984K, reserved 1114112K
  class space    used 3784K, committed 3968K, reserved 1048576K
}
Event: 24.115 GC heap after
{Heap after GC invocations=20 (full 0):
 garbage-first heap   total 159744K, used 82126K [0x0000000701400000, 0x0000000800000000)
  region size 2048K, 2 young (4096K), 2 survivors (4096K)
 Metaspace       used 33618K, committed 33984K, reserved 1114112K
  class space    used 3784K, committed 3968K, reserved 1048576K
}
Event: 24.134 GC heap before
{Heap before GC invocations=20 (full 0):
 garbage-first heap   total 159744K, used 84174K [0x0000000701400000, 0x0000000800000000)
  region size 2048K, 3 young (6144K), 2 survivors (4096K)
 Metaspace       used 33618K, committed 33984K, reserved 1114112K
  class space    used 3784K, committed 3968K, reserved 1048576K
}
Event: 24.140 GC heap after
{Heap after GC invocations=21 (full 0):
 garbage-first heap   total 264192K, used 67748K [0x0000000701400000, 0x0000000800000000)
  region size 2048K, 1 young (2048K), 1 survivors (2048K)
 Metaspace       used 33618K, committed 33984K, reserved 1114112K
  class space    used 3784K, committed 3968K, reserved 1048576K
}
Event: 24.220 GC heap before
{Heap before GC invocations=21 (full 0):
 garbage-first heap   total 264192K, used 77988K [0x0000000701400000, 0x0000000800000000)
  region size 2048K, 6 young (12288K), 1 survivors (2048K)
 Metaspace       used 33631K, committed 34048K, reserved 1114112K
  class space    used 3784K, committed 3968K, reserved 1048576K
}
Event: 24.223 GC heap after
{Heap after GC invocations=22 (full 0):
 garbage-first heap   total 264192K, used 64092K [0x0000000701400000, 0x0000000800000000)
  region size 2048K, 1 young (2048K), 1 survivors (2048K)
 Metaspace       used 33631K, committed 34048K, reserved 1114112K
  class space    used 3784K, committed 3968K, reserved 1048576K
}
Event: 26.382 GC heap before
{Heap before GC invocations=22 (full 0):
 garbage-first heap   total 264192K, used 209500K [0x0000000701400000, 0x0000000800000000)
  region size 2048K, 66 young (135168K), 1 survivors (2048K)
 Metaspace       used 50119K, committed 50560K, reserved 1114112K
  class space    used 5582K, committed 5760K, reserved 1048576K
}
Event: 26.392 GC heap after
{Heap after GC invocations=23 (full 0):
 garbage-first heap   total 264192K, used 78234K [0x0000000701400000, 0x0000000800000000)
  region size 2048K, 5 young (10240K), 5 survivors (10240K)
 Metaspace       used 50119K, committed 50560K, reserved 1114112K
  class space    used 5582K, committed 5760K, reserved 1048576K
}
Event: 27.140 GC heap before
{Heap before GC invocations=23 (full 0):
 garbage-first heap   total 264192K, used 108954K [0x0000000701400000, 0x0000000800000000)
  region size 2048K, 22 young (45056K), 5 survivors (10240K)
 Metaspace       used 53780K, committed 54400K, reserved 1114112K
  class space    used 6084K, committed 6400K, reserved 1048576K
}
Event: 27.150 GC heap after
{Heap after GC invocations=24 (full 0):
 garbage-first heap   total 264192K, used 85650K [0x0000000701400000, 0x0000000800000000)
  region size 2048K, 8 young (16384K), 8 survivors (16384K)
 Metaspace       used 53780K, committed 54400K, reserved 1114112K
  class space    used 6084K, committed 6400K, reserved 1048576K
}
Event: 31.758 GC heap before
{Heap before GC invocations=25 (full 0):
 garbage-first heap   total 264192K, used 163474K [0x0000000701400000, 0x0000000800000000)
  region size 2048K, 48 young (98304K), 8 survivors (16384K)
 Metaspace       used 67052K, committed 67840K, reserved 1114112K
  class space    used 7631K, committed 8000K, reserved 1048576K
}
Event: 31.769 GC heap after
{Heap after GC invocations=26 (full 0):
 garbage-first heap   total 264192K, used 86762K [0x0000000701400000, 0x0000000800000000)
  region size 2048K, 3 young (6144K), 3 survivors (6144K)
 Metaspace       used 67052K, committed 67840K, reserved 1114112K
  class space    used 7631K, committed 8000K, reserved 1048576K
}
Event: 31.927 GC heap before
{Heap before GC invocations=26 (full 0):
 garbage-first heap   total 264192K, used 90858K [0x0000000701400000, 0x0000000800000000)
  region size 2048K, 6 young (12288K), 3 survivors (6144K)
 Metaspace       used 68715K, committed 69440K, reserved 1114112K
  class space    used 7845K, committed 8192K, reserved 1048576K
}
Event: 31.932 GC heap after
{Heap after GC invocations=27 (full 0):
 garbage-first heap   total 264192K, used 79512K [0x0000000701400000, 0x0000000800000000)
  region size 2048K, 1 young (2048K), 1 survivors (2048K)
 Metaspace       used 68715K, committed 69440K, reserved 1114112K
  class space    used 7845K, committed 8192K, reserved 1048576K
}

Deoptimization events (20 events):
Event: 31.168 Thread 0x00000173f0079700 DEOPT PACKING pc=0x0000017387dd44a8 sp=0x000000068d5f7370
Event: 31.168 Thread 0x00000173f0079700 DEOPT UNPACKING pc=0x00000173875823a3 sp=0x000000068d5f7320 mode 2
Event: 31.462 Thread 0x00000173f0079700 Uncommon trap: trap_request=0xffffffde fr.pc=0x0000017388090f18 relative=0x00000000000002d8
Event: 31.462 Thread 0x00000173f0079700 Uncommon trap: reason=class_check action=maybe_recompile pc=0x0000017388090f18 method=java.lang.reflect.Field.getAnnotation(Ljava/lang/Class;)Ljava/lang/annotation/Annotation; @ 19 c2
Event: 31.462 Thread 0x00000173f0079700 DEOPT PACKING pc=0x0000017388090f18 sp=0x000000068d5fb2a0
Event: 31.462 Thread 0x00000173f0079700 DEOPT UNPACKING pc=0x00000173875823a3 sp=0x000000068d5fb260 mode 2
Event: 31.467 Thread 0x00000173f0079700 Uncommon trap: trap_request=0xffffffde fr.pc=0x0000017388090f18 relative=0x00000000000002d8
Event: 31.467 Thread 0x00000173f0079700 Uncommon trap: reason=class_check action=maybe_recompile pc=0x0000017388090f18 method=java.lang.reflect.Field.getAnnotation(Ljava/lang/Class;)Ljava/lang/annotation/Annotation; @ 19 c2
Event: 31.467 Thread 0x00000173f0079700 DEOPT PACKING pc=0x0000017388090f18 sp=0x000000068d5fb2a0
Event: 31.467 Thread 0x00000173f0079700 DEOPT UNPACKING pc=0x00000173875823a3 sp=0x000000068d5fb260 mode 2
Event: 31.470 Thread 0x00000173f0079700 Uncommon trap: trap_request=0xffffffde fr.pc=0x0000017388090f18 relative=0x00000000000002d8
Event: 31.470 Thread 0x00000173f0079700 Uncommon trap: reason=class_check action=maybe_recompile pc=0x0000017388090f18 method=java.lang.reflect.Field.getAnnotation(Ljava/lang/Class;)Ljava/lang/annotation/Annotation; @ 19 c2
Event: 31.470 Thread 0x00000173f0079700 DEOPT PACKING pc=0x0000017388090f18 sp=0x000000068d5fb2a0
Event: 31.470 Thread 0x00000173f0079700 DEOPT UNPACKING pc=0x00000173875823a3 sp=0x000000068d5fb260 mode 2
Event: 31.470 Thread 0x00000173f0079700 Uncommon trap: trap_request=0xffffffde fr.pc=0x0000017388090f18 relative=0x00000000000002d8
Event: 31.470 Thread 0x00000173f0079700 Uncommon trap: reason=class_check action=maybe_recompile pc=0x0000017388090f18 method=java.lang.reflect.Field.getAnnotation(Ljava/lang/Class;)Ljava/lang/annotation/Annotation; @ 19 c2
Event: 31.470 Thread 0x00000173f0079700 DEOPT PACKING pc=0x0000017388090f18 sp=0x000000068d5fb2a0
Event: 31.470 Thread 0x00000173f0079700 DEOPT UNPACKING pc=0x00000173875823a3 sp=0x000000068d5fb260 mode 2
Event: 31.636 Thread 0x00000173f0079700 DEOPT PACKING pc=0x0000017381277135 sp=0x000000068d5fb770
Event: 31.636 Thread 0x00000173f0079700 DEOPT UNPACKING pc=0x0000017387582b43 sp=0x000000068d5facd0 mode 0

Classes unloaded (20 events):
Event: 23.705 Thread 0x00000173ff5c6840 Unloading class 0x0000017394399e08 'lombok/javac/apt/LombokFileObject'
Event: 23.705 Thread 0x00000173ff5c6840 Unloading class 0x000001739439a000 'lombok/javac/apt/LombokFileObjects'
Event: 23.705 Thread 0x00000173ff5c6840 Unloading class 0x0000017394399bd0 'lombok/javac/apt/MessagerDiagnosticsReceiver'
Event: 23.705 Thread 0x00000173ff5c6840 Unloading class 0x0000017394399828 'lombok/javac/apt/InterceptingJavaFileManager'
Event: 23.705 Thread 0x00000173ff5c6840 Unloading class 0x0000017394399620 'lombok/permit/dummy/Parent'
Event: 23.705 Thread 0x00000173ff5c6840 Unloading class 0x0000017394399408 'lombok/core/CleanupRegistry'
Event: 23.705 Thread 0x00000173ff5c6840 Unloading class 0x0000017394399200 'lombok/permit/Permit$Fake'
Event: 23.705 Thread 0x00000173ff5c6840 Unloading class 0x0000017394399000 'lombok/permit/Permit'
Event: 23.705 Thread 0x00000173ff5c6840 Unloading class 0x0000017394395d00 'lombok/javac/apt/LombokProcessor$1'
Event: 23.705 Thread 0x00000173ff5c6840 Unloading class 0x0000017394395b08 'lombok/core/DiagnosticsReceiver'
Event: 23.705 Thread 0x00000173ff5c6840 Unloading class 0x0000017394395870 'lombok/javac/apt/LombokProcessor'
Event: 23.705 Thread 0x00000173ff5c6840 Unloading class 0x0000017394395640 'lombok/core/AnnotationProcessor$EcjDescriptor'
Event: 23.705 Thread 0x00000173ff5c6840 Unloading class 0x0000017394395408 'lombok/core/AnnotationProcessor$JavacDescriptor'
Event: 23.705 Thread 0x00000173ff5c6840 Unloading class 0x0000017394395000 'lombok/core/AnnotationProcessor$ProcessorDescriptor'
Event: 23.705 Thread 0x00000173ff5c6840 Unloading class 0x0000017394394400 'lombok/core/AnnotationProcessor'
Event: 23.705 Thread 0x00000173ff5c6840 Unloading class 0x0000017394398200 'lombok/launch/AnnotationProcessorHider$ClaimingProcessor'
Event: 23.705 Thread 0x00000173ff5c6840 Unloading class 0x0000017394398000 'lombok/launch/AnnotationProcessorHider$AstModificationNotifierData'
Event: 23.705 Thread 0x00000173ff5c6840 Unloading class 0x0000017394394c80 'lombok/launch/ShadowClassLoader'
Event: 23.705 Thread 0x00000173ff5c6840 Unloading class 0x0000017394394a80 'lombok/launch/Main'
Event: 23.705 Thread 0x00000173ff5c6840 Unloading class 0x0000017394394800 'lombok/launch/AnnotationProcessorHider$AnnotationProcessor'

Classes redefined (0 events):
No events

Internal exceptions (20 events):
Event: 27.721 Thread 0x00000173f0079700 Exception <a 'java/lang/NoSuchMethodError'{0x00000007108e96c0}: 'java.lang.Object java.lang.invoke.DirectMethodHandle$Holder.invokeStatic(java.lang.Object, java.lang.Object, int)'> (0x00000007108e96c0) 
thrown [s\open\src\hotspot\share\interpreter\linkResolver.cpp, line 759]
Event: 27.721 Thread 0x00000173f0079700 Exception <a 'java/lang/NoSuchMethodError'{0x00000007108ed048}: 'java.lang.Object java.lang.invoke.DirectMethodHandle$Holder.invokeStaticInit(java.lang.Object, java.lang.Object, int)'> (0x00000007108ed048) 
thrown [s\open\src\hotspot\share\interpreter\linkResolver.cpp, line 759]
Event: 27.723 Thread 0x00000173f0079700 Exception <a 'java/lang/NoSuchMethodError'{0x0000000710909df8}: 'int java.lang.invoke.DirectMethodHandle$Holder.invokeSpecialIFC(java.lang.Object, java.lang.Object, java.lang.Object)'> (0x0000000710909df8) 
thrown [s\open\src\hotspot\share\interpreter\linkResolver.cpp, line 759]
Event: 27.863 Thread 0x00000173f0079700 Exception <a 'sun/nio/fs/WindowsException'{0x000000071068f618}> (0x000000071068f618) 
thrown [s\open\src\hotspot\share\prims\jni.cpp, line 516]
Event: 30.344 Thread 0x00000173f0079700 Exception <a 'java/lang/NoSuchMethodError'{0x000000070dcee370}: 'java.lang.Object java.lang.invoke.DirectMethodHandle$Holder.invokeInterface(java.lang.Object, java.lang.Object, java.lang.Object)'> (0x000000070dcee370) 
thrown [s\open\src\hotspot\share\interpreter\linkResolver.cpp, line 759]
Event: 30.806 Thread 0x00000173f0079700 Exception <a 'java/lang/NoSuchMethodError'{0x000000070d5368a8}: 'java.lang.Object java.lang.invoke.DirectMethodHandle$Holder.newInvokeSpecial(java.lang.Object, int, int, java.lang.Object)'> (0x000000070d5368a8) 
thrown [s\open\src\hotspot\share\interpreter\linkResolver.cpp, line 759]
Event: 30.820 Thread 0x00000173f0079700 Exception <a 'java/lang/NoSuchMethodError'{0x000000070d5ba050}: 'java.lang.Object java.lang.invoke.DirectMethodHandle$Holder.invokeSpecial(java.lang.Object, java.lang.Object, int, java.lang.Object, java.lang.Object)'> (0x000000070d5ba050) 
thrown [s\open\src\hotspot\share\interpreter\linkResolver.cpp, line 759]
Event: 30.900 Thread 0x00000173d8aae910 Exception <a 'java/lang/InterruptedException'{0x000000070d000040}: sleep interrupted> (0x000000070d000040) 
thrown [s\open\src\hotspot\share\prims\jvm.cpp, line 3070]
Event: 31.991 Thread 0x00000173f0079700 Exception <a 'java/lang/NoSuchMethodError'{0x00000007ffc79240}: 'java.lang.Object java.lang.invoke.DirectMethodHandle$Holder.invokeStaticInit(java.lang.Object, int)'> (0x00000007ffc79240) 
thrown [s\open\src\hotspot\share\interpreter\linkResolver.cpp, line 759]
Event: 32.015 Thread 0x00000173f0079700 Exception <a 'java/lang/NoSuchMethodError'{0x00000007ffda9ef8}: 'int java.lang.invoke.DelegatingMethodHandle$Holder.reinvoke_L(java.lang.Object, java.lang.Object, java.lang.Object, long, int, int)'> (0x00000007ffda9ef8) 
thrown [s\open\src\hotspot\share\interpreter\linkResolver.cpp, line 759]
Event: 32.016 Thread 0x00000173f0079700 Exception <a 'java/lang/NoSuchMethodError'{0x00000007ffdb8d40}: 'int java.lang.invoke.DelegatingMethodHandle$Holder.reinvoke_L(java.lang.Object, java.lang.Object, java.lang.Object, long, long, long)'> (0x00000007ffdb8d40) 
thrown [s\open\src\hotspot\share\interpreter\linkResolver.cpp, line 759]
Event: 32.018 Thread 0x00000173f0079700 Exception <a 'java/lang/NoSuchMethodError'{0x00000007ffdc7e90}: 'int java.lang.invoke.DelegatingMethodHandle$Holder.reinvoke_L(java.lang.Object, java.lang.Object, java.lang.Object, long, java.lang.Object, java.lang.Object)'> (0x00000007ffdc7e90) 
thrown [s\open\src\hotspot\share\interpreter\linkResolver.cpp, line 759]
Event: 32.018 Thread 0x00000173f0079700 Exception <a 'java/lang/NoSuchMethodError'{0x00000007ffdd6de8}: 'void java.lang.invoke.DelegatingMethodHandle$Holder.reinvoke_L(java.lang.Object, java.lang.Object, java.lang.Object, long, java.lang.Object)'> (0x00000007ffdd6de8) 
thrown [s\open\src\hotspot\share\interpreter\linkResolver.cpp, line 759]
Event: 32.019 Thread 0x00000173f0079700 Exception <a 'java/lang/NoSuchMethodError'{0x00000007ffdde6e8}: 'java.lang.Object java.lang.invoke.DirectMethodHandle$Holder.invokeSpecial(java.lang.Object, java.lang.Object, java.lang.Object, java.lang.Object, long)'> (0x00000007ffdde6e8) 
thrown [s\open\src\hotspot\share\interpreter\linkResolver.cpp, line 759]
Event: 32.021 Thread 0x00000173f0079700 Exception <a 'java/lang/NoSuchMethodError'{0x0000000711204f28}: 'long java.lang.invoke.Invokers$Holder.invoke_MT(java.lang.Object, java.lang.Object, java.lang.Object, java.lang.Object)'> (0x0000000711204f28) 
thrown [s\open\src\hotspot\share\interpreter\linkResolver.cpp, line 759]
Event: 32.022 Thread 0x00000173f0079700 Exception <a 'java/lang/NoSuchMethodError'{0x000000071120d4b0}: 'int java.lang.invoke.Invokers$Holder.invoke_MT(java.lang.Object, java.lang.Object, java.lang.Object, java.lang.Object)'> (0x000000071120d4b0) 
thrown [s\open\src\hotspot\share\interpreter\linkResolver.cpp, line 759]
Event: 32.023 Thread 0x00000173f0079700 Exception <a 'java/lang/NoSuchMethodError'{0x000000071121d740}: 'int java.lang.invoke.DelegatingMethodHandle$Holder.reinvoke_L(java.lang.Object, java.lang.Object, java.lang.Object, long, int)'> (0x000000071121d740) 
thrown [s\open\src\hotspot\share\interpreter\linkResolver.cpp, line 759]
Event: 32.025 Thread 0x00000173f0079700 Exception <a 'java/lang/NoSuchMethodError'{0x0000000711230b58}: 'java.lang.Object java.lang.invoke.Invokers$Holder.invokeExact_MT(java.lang.Object, java.lang.Object, long, java.lang.Object)'> (0x0000000711230b58) 
thrown [s\open\src\hotspot\share\interpreter\linkResolver.cpp, line 759]
Event: 32.832 Thread 0x00000173f0079700 Exception <a 'java/lang/NoSuchMethodError'{0x000000070ec3b570}: 'long java.lang.invoke.DirectMethodHandle$Holder.invokeStatic(java.lang.Object)'> (0x000000070ec3b570) 
thrown [s\open\src\hotspot\share\interpreter\linkResolver.cpp, line 759]
Event: 32.833 Thread 0x00000173f0079700 Exception <a 'java/lang/NoSuchMethodError'{0x000000070ec3f168}: 'long java.lang.invoke.DirectMethodHandle$Holder.invokeStaticInit(java.lang.Object)'> (0x000000070ec3f168) 
thrown [s\open\src\hotspot\share\interpreter\linkResolver.cpp, line 759]

VM Operations (20 events):
Event: 30.667 Executing VM operation: HandshakeAllThreads
Event: 30.667 Executing VM operation: HandshakeAllThreads done
Event: 30.667 Executing VM operation: HandshakeAllThreads
Event: 30.667 Executing VM operation: HandshakeAllThreads done
Event: 30.684 Executing VM operation: HandshakeAllThreads
Event: 30.684 Executing VM operation: HandshakeAllThreads done
Event: 30.917 Executing VM operation: HandshakeAllThreads
Event: 30.917 Executing VM operation: HandshakeAllThreads done
Event: 30.917 Executing VM operation: Cleanup
Event: 30.917 Executing VM operation: Cleanup done
Event: 30.923 Executing VM operation: HandshakeAllThreads
Event: 30.923 Executing VM operation: HandshakeAllThreads done
Event: 31.758 Executing VM operation: G1CollectForAllocation
Event: 31.770 Executing VM operation: G1CollectForAllocation done
Event: 31.927 Executing VM operation: G1CollectForAllocation
Event: 31.932 Executing VM operation: G1CollectForAllocation done
Event: 32.081 Executing VM operation: HandshakeAllThreads
Event: 32.081 Executing VM operation: HandshakeAllThreads done
Event: 32.083 Executing VM operation: HandshakeAllThreads
Event: 32.083 Executing VM operation: HandshakeAllThreads done

Events (20 events):
Event: 30.938 loading class javax/xml/stream/XMLStreamException
Event: 30.938 loading class javax/xml/stream/XMLStreamException done
Event: 31.037 loading class javax/xml/stream/events/StartElement
Event: 31.037 loading class javax/xml/stream/events/XMLEvent
Event: 31.037 loading class javax/xml/stream/XMLStreamConstants
Event: 31.037 loading class javax/xml/stream/XMLStreamConstants done
Event: 31.037 loading class javax/xml/stream/events/XMLEvent done
Event: 31.037 loading class javax/xml/stream/events/StartElement done
Event: 31.037 loading class javax/xml/namespace/QName
Event: 31.037 loading class javax/xml/namespace/QName done
Event: 31.627 loading class java/util/regex/Pattern$Neg
Event: 31.627 loading class java/util/regex/Pattern$Neg done
Event: 31.688 loading class java/lang/annotation/Repeatable
Event: 31.688 loading class java/lang/annotation/Repeatable done
Event: 31.968 Thread 0x00000173dab43460 Thread exited: 0x00000173dab43460
Event: 32.086 loading class javax/swing/Icon
Event: 32.086 loading class javax/swing/Icon done
Event: 32.704 Thread 0x00000173dc694020 Thread added: 0x00000173dc694020
Event: 32.832 loading class java/util/function/LongSupplier
Event: 32.832 loading class java/util/function/LongSupplier done


Dynamic libraries:
0x00007ff7e3a80000 - 0x00007ff7e3a90000 	C:\Program Files\Java\jdk-17\bin\java.exe
0x00007ffdee690000 - 0x00007ffdee888000 	C:\WINDOWS\SYSTEM32\ntdll.dll
0x00007ffdedc00000 - 0x00007ffdedcbd000 	C:\WINDOWS\System32\KERNEL32.DLL
0x00007ffdebdc0000 - 0x00007ffdec0b6000 	C:\WINDOWS\System32\KERNELBASE.dll
0x00007ffdec0c0000 - 0x00007ffdec1c0000 	C:\WINDOWS\System32\ucrtbase.dll
0x00007ffde6030000 - 0x00007ffde604b000 	C:\Program Files\Java\jdk-17\bin\VCRUNTIME140.dll
0x00007ffde6050000 - 0x00007ffde6069000 	C:\Program Files\Java\jdk-17\bin\jli.dll
0x00007ffdec770000 - 0x00007ffdec823000 	C:\WINDOWS\System32\ADVAPI32.dll
0x00007ffded730000 - 0x00007ffded7ce000 	C:\WINDOWS\System32\msvcrt.dll
0x00007ffdec6d0000 - 0x00007ffdec76f000 	C:\WINDOWS\System32\sechost.dll
0x00007ffdedad0000 - 0x00007ffdedbf6000 	C:\WINDOWS\System32\RPCRT4.dll
0x00007ffdec330000 - 0x00007ffdec357000 	C:\WINDOWS\System32\bcrypt.dll
0x00007ffded0a0000 - 0x00007ffded23e000 	C:\WINDOWS\System32\USER32.dll
0x00007ffde1210000 - 0x00007ffde14aa000 	C:\WINDOWS\WinSxS\amd64_microsoft.windows.common-controls_6595b64144ccf1df_6.0.19041.3636_none_60b6a03d71f818d5\COMCTL32.dll
0x00007ffdec270000 - 0x00007ffdec292000 	C:\WINDOWS\System32\win32u.dll
0x00007ffded3a0000 - 0x00007ffded3cb000 	C:\WINDOWS\System32\GDI32.dll
0x00007ffdec5b0000 - 0x00007ffdec6c7000 	C:\WINDOWS\System32\gdi32full.dll
0x00007ffdec360000 - 0x00007ffdec3fd000 	C:\WINDOWS\System32\msvcp_win.dll
0x00007ffde54d0000 - 0x00007ffde54da000 	C:\WINDOWS\SYSTEM32\VERSION.dll
0x00007ffdecb20000 - 0x00007ffdecb52000 	C:\WINDOWS\System32\IMM32.DLL
0x00007ffde6480000 - 0x00007ffde648c000 	C:\Program Files\Java\jdk-17\bin\vcruntime140_1.dll
0x00007ffdc9da0000 - 0x00007ffdc9e2e000 	C:\Program Files\Java\jdk-17\bin\msvcp140.dll
0x00007ffd91250000 - 0x00007ffd91e2e000 	C:\Program Files\Java\jdk-17\bin\server\jvm.dll
0x00007ffdec9c0000 - 0x00007ffdec9c8000 	C:\WINDOWS\System32\PSAPI.DLL
0x00007ffde7800000 - 0x00007ffde7809000 	C:\WINDOWS\SYSTEM32\WSOCK32.dll
0x00007ffde1930000 - 0x00007ffde1957000 	C:\WINDOWS\SYSTEM32\WINMM.dll
0x00007ffdede90000 - 0x00007ffdedefb000 	C:\WINDOWS\System32\WS2_32.dll
0x00007ffde9be0000 - 0x00007ffde9bf2000 	C:\WINDOWS\SYSTEM32\kernel.appcore.dll
0x00007ffde6020000 - 0x00007ffde602a000 	C:\Program Files\Java\jdk-17\bin\jimage.dll
0x00007ffdd2b30000 - 0x00007ffdd2d14000 	C:\WINDOWS\SYSTEM32\DBGHELP.DLL
0x00007ffdca4b0000 - 0x00007ffdca4e4000 	C:\WINDOWS\SYSTEM32\dbgcore.DLL
0x00007ffdec2a0000 - 0x00007ffdec322000 	C:\WINDOWS\System32\bcryptPrimitives.dll
0x00007ffdcaa80000 - 0x00007ffdcaaa5000 	C:\Program Files\Java\jdk-17\bin\java.dll
0x00007ffdc8fe0000 - 0x00007ffdc90b7000 	C:\Program Files\Java\jdk-17\bin\jsvml.dll
0x00007ffdedf00000 - 0x00007ffdee645000 	C:\WINDOWS\System32\SHELL32.dll
0x00007ffde9de0000 - 0x00007ffdea57c000 	C:\WINDOWS\SYSTEM32\windows.storage.dll
0x00007ffded3d0000 - 0x00007ffded724000 	C:\WINDOWS\System32\combase.dll
0x00007ffdeb630000 - 0x00007ffdeb65e000 	C:\WINDOWS\SYSTEM32\Wldp.dll
0x00007ffdecb60000 - 0x00007ffdecc2d000 	C:\WINDOWS\System32\OLEAUT32.dll
0x00007ffdec8b0000 - 0x00007ffdec95d000 	C:\WINDOWS\System32\SHCORE.dll
0x00007ffded340000 - 0x00007ffded395000 	C:\WINDOWS\System32\shlwapi.dll
0x00007ffdebc80000 - 0x00007ffdebca5000 	C:\WINDOWS\SYSTEM32\profapi.dll
0x00007ffde4620000 - 0x00007ffde4639000 	C:\Program Files\Java\jdk-17\bin\net.dll
0x00007ffde1ab0000 - 0x00007ffde1bba000 	C:\WINDOWS\SYSTEM32\WINHTTP.dll
0x00007ffdeb3b0000 - 0x00007ffdeb41a000 	C:\WINDOWS\system32\mswsock.dll
0x00007ffddb9e0000 - 0x00007ffddb9f6000 	C:\Program Files\Java\jdk-17\bin\nio.dll
0x00007ffddb380000 - 0x00007ffddb398000 	C:\Program Files\Java\jdk-17\bin\zip.dll
0x0000000069ac0000 - 0x0000000069ae4000 	C:\Program Files\apache-maven-3.9.2\lib\jansi-native\Windows\x86_64\jansi.dll
0x00007ffde6010000 - 0x00007ffde6020000 	C:\Program Files\Java\jdk-17\bin\verify.dll
0x00007ffdeb9a0000 - 0x00007ffdeb9b8000 	C:\WINDOWS\SYSTEM32\CRYPTSP.dll
0x00007ffdead00000 - 0x00007ffdead34000 	C:\WINDOWS\system32\rsaenh.dll
0x00007ffdebc40000 - 0x00007ffdebc6e000 	C:\WINDOWS\SYSTEM32\USERENV.dll
0x00007ffdeb540000 - 0x00007ffdeb54c000 	C:\WINDOWS\SYSTEM32\CRYPTBASE.dll
0x00007ffdeb0c0000 - 0x00007ffdeb0fb000 	C:\WINDOWS\SYSTEM32\IPHLPAPI.DLL
0x00007ffdecab0000 - 0x00007ffdecab8000 	C:\WINDOWS\System32\NSI.dll
0x00007ffde3110000 - 0x00007ffde3127000 	C:\WINDOWS\SYSTEM32\dhcpcsvc6.DLL
0x00007ffde30f0000 - 0x00007ffde310d000 	C:\WINDOWS\SYSTEM32\dhcpcsvc.DLL
0x00007ffdeb100000 - 0x00007ffdeb1cb000 	C:\WINDOWS\SYSTEM32\DNSAPI.dll
0x00007ffddbbc0000 - 0x00007ffddbbce000 	C:\Program Files\Java\jdk-17\bin\sunmscapi.dll
0x00007ffdec450000 - 0x00007ffdec5ad000 	C:\WINDOWS\System32\CRYPT32.dll
0x00007ffdeb6a0000 - 0x00007ffdeb6c8000 	C:\WINDOWS\SYSTEM32\ncrypt.dll
0x00007ffdeb660000 - 0x00007ffdeb69b000 	C:\WINDOWS\SYSTEM32\NTASN1.dll
0x00007ffddb570000 - 0x00007ffddb57a000 	C:\Windows\System32\rasadhlp.dll
0x00007ffddb230000 - 0x00007ffddb2b0000 	C:\WINDOWS\System32\fwpuclnt.dll
0x00007ffdd13a0000 - 0x00007ffdd13a7000 	C:\WINDOWS\system32\wshunix.dll

dbghelp: loaded successfully - version: 4.0.5 - missing functions: none
symbol engine: initialized successfully - sym options: 0x614 - pdb path: .;C:\Program Files\Java\jdk-17\bin;C:\WINDOWS\SYSTEM32;C:\WINDOWS\WinSxS\amd64_microsoft.windows.common-controls_6595b64144ccf1df_6.0.19041.3636_none_60b6a03d71f818d5;C:\Program Files\Java\jdk-17\bin\server;C:\Program Files\apache-maven-3.9.2\lib\jansi-native\Windows\x86_64

VM Arguments:
jvm_args: -Dclassworlds.conf=C:/Program Files/apache-maven-3.9.2/bin/m2.conf -Dmaven.home=C:/Program Files/apache-maven-3.9.2 -Dlibrary.jansi.path=C:/Program Files/apache-maven-3.9.2/lib/jansi-native -Dmaven.multiModuleProjectDirectory=E:/Projetos- Java/microsserviços/ms-client 
java_command: org.codehaus.plexus.classworlds.launcher.Launcher clean verify sonar:sonar -Dsonar.projectKey=ms-cards -Dsonar.host.url=http://localhost:9000 -Dsonar.login=sqp_df9c5794b3d9f647a37db456feacb77b8ab9d963
java_class_path (initial): C:/Program Files/apache-maven-3.9.2/boot/plexus-classworlds-2.7.0.jar
Launcher Type: SUN_STANDARD

[Global flags]
     intx CICompilerCount                          = 3                                         {product} {ergonomic}
     uint ConcGCThreads                            = 1                                         {product} {ergonomic}
     uint G1ConcRefinementThreads                  = 4                                         {product} {ergonomic}
   size_t G1HeapRegionSize                         = 2097152                                   {product} {ergonomic}
    uintx GCDrainStackTargetSize                   = 64                                        {product} {ergonomic}
   size_t InitialHeapSize                          = 268435456                                 {product} {ergonomic}
   size_t MarkStackSize                            = 4194304                                   {product} {ergonomic}
   size_t MaxHeapSize                              = 4273995776                                {product} {ergonomic}
   size_t MaxNewSize                               = 2562719744                                {product} {ergonomic}
   size_t MinHeapDeltaBytes                        = 2097152                                   {product} {ergonomic}
   size_t MinHeapSize                              = 8388608                                   {product} {ergonomic}
    uintx NonNMethodCodeHeapSize                   = 5832780                                {pd product} {ergonomic}
    uintx NonProfiledCodeHeapSize                  = 122912730                              {pd product} {ergonomic}
    uintx ProfiledCodeHeapSize                     = 122912730                              {pd product} {ergonomic}
    uintx ReservedCodeCacheSize                    = 251658240                              {pd product} {ergonomic}
     bool SegmentedCodeCache                       = true                                      {product} {ergonomic}
   size_t SoftMaxHeapSize                          = 4273995776                             {manageable} {ergonomic}
     bool UseCompressedClassPointers               = true                           {product lp64_product} {ergonomic}
     bool UseCompressedOops                        = true                           {product lp64_product} {ergonomic}
     bool UseG1GC                                  = true                                      {product} {ergonomic}
     bool UseLargePagesIndividualAllocation        = false                                  {pd product} {ergonomic}

Logging:
Log output configuration:
 #0: stdout all=warning uptime,level,tags
 #1: stderr all=off uptime,level,tags

Environment Variables:
JAVA_HOME=C:/Program Files/Java/jdk-17
PATH=C:\Users\jeffe\bin;E:\Git\mingw64\bin;E:\Git\usr\local\bin;E:\Git\usr\bin;E:\Git\usr\bin;E:\Git\mingw64\bin;E:\Git\usr\bin;C:\Users\jeffe\bin;C:\Program Files\Common Files\Oracle\Java\javapath;C:\Users\jeffe\Downloads\Nova pasta\zulu11.56.19-ca-jdk11.0.15-win_x64\bin;C:\Program Files (x86)\Common Files\Intel\Shared Libraries\redist\intel64\compiler;C:\Program Files (x86)\Razer\ChromaBroadcast\bin;C:\Program Files\Razer\ChromaBroadcast\bin;C:\Program Files (x86)\Razer Chroma SDK\bin;C:\Program Files\Razer Chroma SDK\bin;C:\Windows\system32;C:\Windows;C:\Windows\System32\Wbem;C:\Windows\System32\WindowsPowerShell\v1.0;C:\Windows\System32\OpenSSH;C:\Program Files (x86)\NVIDIA Corporation\PhysX\Common;C:\Users\jeffe\AppData\Local\Microsoft\WindowsApps;C:\WINDOWS\system32;C:\WINDOWS;C:\WINDOWS\System32\Wbem;C:\WINDOWS\System32\WindowsPowerShell\v1.0;C:\WINDOWS\System32\OpenSSH;C:\Program Files\NVIDIA Corporation\NVIDIA NvDLISR;E:\Git\cmd;C:\Program Files\nodejs;C:\Program Files\apache-maven-3.9.2;C:\Program Files\apache-maven-3.9.2\bin;C:\Program Files\Java\jdk-17\bin;C:\Program Files\Graphviz\bin;C:\Program Files\MySQL\MySQL Server 8.0\bin;C:\Program Files\Docker\Docker\resources\bin;E:\sonar\sonar-scanner-5.0.1.3006-windows\bin;E:\Python\Scripts;E:\Python;C:\Program Files\MySQL\MySQL Shell 8.0\bin;C:\Users\jeffe\AppData\Local\Microsoft\WindowsApps;C:\Users\jeffe\AppData\Local\Programs\Microsoft VS Code\bin;C:\Program Files\heroku\bin;C:\Users\jeffe\AppData\Roaming\npm;C:\Program Files\Graphviz\bin;E:\Git\usr\bin\vendor_perl;E:\Git\usr\bin\core_perl
USERNAME=jeffe
SHELL=E:\Git\usr\bin\bash.exe
DISPLAY=needs-to-be-defined
LC_CTYPE=pt_BR.UTF-8
OS=Windows_NT
PROCESSOR_IDENTIFIER=Intel64 Family 6 Model 158 Stepping 11, GenuineIntel



---------------  S Y S T E M  ---------------

OS:
 Windows 10 , 64 bit Build 19041 (10.0.19041.3636)
OS uptime: 0 days 8:42 hours
Hyper-V role detected

CPU: total 4 (initial active 4) (4 cores per cpu, 1 threads per core) family 6 model 158 stepping 11 microcode 0xb4, cx8, cmov, fxsr, mmx, 3dnowpref, sse, sse2, sse3, ssse3, sse4.1, sse4.2, popcnt, lzcnt, tsc, tscinvbit, avx, avx2, aes, erms, clmul, bmi1, bmi2, adx, fma, vzeroupper, clflush, clflushopt, hv

Memory: 4k page, system-wide physical 16297M (4354M free)
TotalPageFile size 19356M (AvailPageFile size 2M)
current process WorkingSet (physical memory assigned to process): 486M, peak: 486M
current process commit charge ("private bytes"): 510M, peak: 510M

vm_info: Java HotSpot(TM) 64-Bit Server VM (17.0.8+9-LTS-211) for windows-amd64 JRE (17.0.8+9-LTS-211), built on Jun 14 2023 10:34:31 by "mach5one" with MS VC++ 17.1 (VS2022)

END.
